{"/home/travis/build/npmtest/node-npmtest-resourcejs/test.js":{"path":"/home/travis/build/npmtest/node-npmtest-resourcejs/test.js","s":{"1":2,"2":2,"3":2,"4":2,"5":2,"6":2,"7":2,"8":1,"9":2,"10":2,"11":1,"12":1,"13":1,"14":1,"15":2,"16":2,"17":2,"18":2,"19":1,"20":1,"21":2,"22":2,"23":2,"24":1,"25":1,"26":1,"27":1,"28":1,"29":1,"30":1,"31":1,"32":1,"33":1,"34":1,"35":1,"36":1,"37":1,"38":1,"39":2,"40":2,"41":1,"42":2,"43":2,"44":1,"45":2,"46":2,"47":1,"48":2,"49":2,"50":1,"51":1,"52":1,"53":1,"54":1},"b":{"1":[2,1,1,1],"2":[1,1,1,1],"3":[1,1],"4":[1,1],"5":[1,1],"6":[1,1],"7":[1,1],"8":[1,1],"9":[1,1],"10":[1,1,1],"11":[1,1],"12":[1,1],"13":[1,1],"14":[1,1],"15":[1,1],"16":[1,1],"17":[1,1]},"f":{"1":2,"2":2,"3":2,"4":2,"5":2,"6":1,"7":1,"8":1,"9":2,"10":2,"11":2,"12":2,"13":1},"fnMap":{"1":{"name":"(anonymous_1)","line":12,"loc":{"start":{"line":12,"column":1},"end":{"line":12,"column":13}}},"2":{"name":"(anonymous_2)","line":19,"loc":{"start":{"line":19,"column":5},"end":{"line":19,"column":17}}},"3":{"name":"(anonymous_3)","line":23,"loc":{"start":{"line":23,"column":24},"end":{"line":23,"column":36}}},"4":{"name":"(anonymous_4)","line":61,"loc":{"start":{"line":61,"column":5},"end":{"line":61,"column":17}}},"5":{"name":"(anonymous_5)","line":82,"loc":{"start":{"line":82,"column":5},"end":{"line":82,"column":17}}},"6":{"name":"(anonymous_6)","line":91,"loc":{"start":{"line":91,"column":77},"end":{"line":94,"column":10}}},"7":{"name":"(anonymous_7)","line":112,"loc":{"start":{"line":112,"column":83},"end":{"line":115,"column":10}},"skip":true},"8":{"name":"(anonymous_8)","line":123,"loc":{"start":{"line":123,"column":77},"end":{"line":126,"column":10}},"skip":true},"9":{"name":"(anonymous_9)","line":139,"loc":{"start":{"line":139,"column":12},"end":{"line":139,"column":40}},"skip":true},"10":{"name":"(anonymous_10)","line":147,"loc":{"start":{"line":147,"column":77},"end":{"line":150,"column":10}},"skip":true},"11":{"name":"(anonymous_11)","line":158,"loc":{"start":{"line":158,"column":83},"end":{"line":161,"column":10}},"skip":true},"12":{"name":"(anonymous_12)","line":169,"loc":{"start":{"line":169,"column":79},"end":{"line":172,"column":10}},"skip":true},"13":{"name":"(anonymous_13)","line":180,"loc":{"start":{"line":180,"column":75},"end":{"line":183,"column":10}},"skip":true}},"statementMap":{"1":{"start":{"line":12,"column":0},"end":{"line":195,"column":5}},"2":{"start":{"line":14,"column":4},"end":{"line":14,"column":14}},"3":{"start":{"line":19,"column":4},"end":{"line":56,"column":9}},"4":{"start":{"line":21,"column":8},"end":{"line":21,"column":19}},"5":{"start":{"line":23,"column":8},"end":{"line":35,"column":13}},"6":{"start":{"line":24,"column":12},"end":{"line":34,"column":13}},"7":{"start":{"line":25,"column":16},"end":{"line":28,"column":30}},"8":{"start":{"line":30,"column":16},"end":{"line":33,"column":27}},"9":{"start":{"line":37,"column":8},"end":{"line":39,"column":21}},"10":{"start":{"line":40,"column":8},"end":{"line":53,"column":9}},"11":{"start":{"line":43,"column":12},"end":{"line":46,"column":14}},"12":{"start":{"line":47,"column":12},"end":{"line":47,"column":18}},"13":{"start":{"line":50,"column":12},"end":{"line":51,"column":33}},"14":{"start":{"line":52,"column":12},"end":{"line":52,"column":18}},"15":{"start":{"line":55,"column":8},"end":{"line":55,"column":35}},"16":{"start":{"line":61,"column":4},"end":{"line":63,"column":9}},"17":{"start":{"line":62,"column":8},"end":{"line":62,"column":15}},"18":{"start":{"line":64,"column":4},"end":{"line":77,"column":5}},"19":{"start":{"line":70,"column":8},"end":{"line":70,"column":14}},"20":{"start":{"line":76,"column":8},"end":{"line":76,"column":14}},"21":{"start":{"line":82,"column":4},"end":{"line":84,"column":9}},"22":{"start":{"line":83,"column":8},"end":{"line":83,"column":15}},"23":{"start":{"line":85,"column":4},"end":{"line":194,"column":5}},"24":{"start":{"line":91,"column":8},"end":{"line":99,"column":10}},"25":{"start":{"line":98,"column":12},"end":{"line":98,"column":35}},"26":{"start":{"line":102,"column":8},"end":{"line":104,"column":63}},"27":{"start":{"line":105,"column":8},"end":{"line":105,"column":14}},"28":{"start":{"line":112,"column":8},"end":{"line":121,"column":10},"skip":true},"29":{"start":{"line":119,"column":12},"end":{"line":119,"column":55},"skip":true},"30":{"start":{"line":120,"column":12},"end":{"line":120,"column":48},"skip":true},"31":{"start":{"line":123,"column":8},"end":{"line":136,"column":10},"skip":true},"32":{"start":{"line":130,"column":12},"end":{"line":130,"column":76},"skip":true},"33":{"start":{"line":131,"column":12},"end":{"line":131,"column":73},"skip":true},"34":{"start":{"line":132,"column":12},"end":{"line":132,"column":74},"skip":true},"35":{"start":{"line":133,"column":12},"end":{"line":133,"column":79},"skip":true},"36":{"start":{"line":134,"column":12},"end":{"line":134,"column":25},"skip":true},"37":{"start":{"line":135,"column":12},"end":{"line":135,"column":45},"skip":true},"38":{"start":{"line":138,"column":8},"end":{"line":145,"column":14},"skip":true},"39":{"start":{"line":143,"column":16},"end":{"line":143,"column":29},"skip":true},"40":{"start":{"line":144,"column":16},"end":{"line":144,"column":55},"skip":true},"41":{"start":{"line":147,"column":8},"end":{"line":156,"column":10},"skip":true},"42":{"start":{"line":154,"column":12},"end":{"line":154,"column":25},"skip":true},"43":{"start":{"line":155,"column":12},"end":{"line":155,"column":45},"skip":true},"44":{"start":{"line":158,"column":8},"end":{"line":167,"column":10},"skip":true},"45":{"start":{"line":165,"column":12},"end":{"line":165,"column":25},"skip":true},"46":{"start":{"line":166,"column":12},"end":{"line":166,"column":48},"skip":true},"47":{"start":{"line":169,"column":8},"end":{"line":178,"column":10},"skip":true},"48":{"start":{"line":176,"column":12},"end":{"line":176,"column":25},"skip":true},"49":{"start":{"line":177,"column":12},"end":{"line":177,"column":46},"skip":true},"50":{"start":{"line":180,"column":8},"end":{"line":189,"column":10},"skip":true},"51":{"start":{"line":187,"column":12},"end":{"line":187,"column":94},"skip":true},"52":{"start":{"line":188,"column":12},"end":{"line":188,"column":48},"skip":true},"53":{"start":{"line":192,"column":8},"end":{"line":192,"column":35},"skip":true},"54":{"start":{"line":193,"column":8},"end":{"line":193,"column":14},"skip":true}},"branchMap":{"1":{"line":25,"type":"binary-expr","locations":[{"start":{"line":25,"column":23},"end":{"line":25,"column":62}},{"start":{"line":26,"column":20},"end":{"line":26,"column":70}},{"start":{"line":27,"column":20},"end":{"line":27,"column":71}},{"start":{"line":28,"column":20},"end":{"line":28,"column":29}}]},"2":{"line":30,"type":"binary-expr","locations":[{"start":{"line":30,"column":23},"end":{"line":30,"column":37}},{"start":{"line":31,"column":20},"end":{"line":31,"column":61}},{"start":{"line":32,"column":20},"end":{"line":32,"column":70}},{"start":{"line":33,"column":20},"end":{"line":33,"column":26}}]},"3":{"line":37,"type":"cond-expr","locations":[{"start":{"line":38,"column":14},"end":{"line":38,"column":20}},{"start":{"line":39,"column":14},"end":{"line":39,"column":20}}]},"4":{"line":40,"type":"switch","locations":[{"start":{"line":42,"column":8},"end":{"line":47,"column":18}},{"start":{"line":49,"column":8},"end":{"line":52,"column":18}}]},"5":{"line":44,"type":"binary-expr","locations":[{"start":{"line":44,"column":16},"end":{"line":44,"column":44}},{"start":{"line":44,"column":48},"end":{"line":44,"column":66}}]},"6":{"line":50,"type":"binary-expr","locations":[{"start":{"line":50,"column":21},"end":{"line":50,"column":49}},{"start":{"line":50,"column":53},"end":{"line":50,"column":72}}]},"7":{"line":64,"type":"switch","locations":[{"start":{"line":69,"column":4},"end":{"line":70,"column":14}},{"start":{"line":75,"column":4},"end":{"line":76,"column":14}}]},"8":{"line":85,"type":"switch","locations":[{"start":{"line":90,"column":4},"end":{"line":105,"column":14}},{"start":{"line":111,"column":4},"end":{"line":193,"column":14},"skip":true}]},"9":{"line":91,"type":"binary-expr","locations":[{"start":{"line":91,"column":42},"end":{"line":91,"column":73}},{"start":{"line":91,"column":77},"end":{"line":99,"column":9}}]},"10":{"line":102,"type":"binary-expr","locations":[{"start":{"line":102,"column":18},"end":{"line":102,"column":32}},{"start":{"line":103,"column":12},"end":{"line":103,"column":53}},{"start":{"line":104,"column":12},"end":{"line":104,"column":61}}]},"11":{"line":112,"type":"binary-expr","locations":[{"start":{"line":112,"column":45},"end":{"line":112,"column":79},"skip":true},{"start":{"line":112,"column":83},"end":{"line":121,"column":9},"skip":true}]},"12":{"line":123,"type":"binary-expr","locations":[{"start":{"line":123,"column":42},"end":{"line":123,"column":73},"skip":true},{"start":{"line":123,"column":77},"end":{"line":136,"column":9},"skip":true}]},"13":{"line":138,"type":"binary-expr","locations":[{"start":{"line":138,"column":48},"end":{"line":138,"column":85},"skip":true},{"start":{"line":139,"column":12},"end":{"line":145,"column":13},"skip":true}]},"14":{"line":147,"type":"binary-expr","locations":[{"start":{"line":147,"column":42},"end":{"line":147,"column":73},"skip":true},{"start":{"line":147,"column":77},"end":{"line":156,"column":9},"skip":true}]},"15":{"line":158,"type":"binary-expr","locations":[{"start":{"line":158,"column":45},"end":{"line":158,"column":79},"skip":true},{"start":{"line":158,"column":83},"end":{"line":167,"column":9},"skip":true}]},"16":{"line":169,"type":"binary-expr","locations":[{"start":{"line":169,"column":43},"end":{"line":169,"column":75},"skip":true},{"start":{"line":169,"column":79},"end":{"line":178,"column":9},"skip":true}]},"17":{"line":180,"type":"binary-expr","locations":[{"start":{"line":180,"column":41},"end":{"line":180,"column":71},"skip":true},{"start":{"line":180,"column":75},"end":{"line":189,"column":9},"skip":true}]}},"code":["/* istanbul instrument in package npmtest_resourcejs */","/*jslint","    bitwise: true,","    browser: true,","    maxerr: 8,","    maxlen: 96,","    node: true,","    nomen: true,","    regexp: true,","    stupid: true","*/","(function () {","    'use strict';","    var local;","","","","    // run shared js-env code - init-before","    (function () {","        // init local","        local = {};","        // init modeJs","        local.modeJs = (function () {","            try {","                return typeof navigator.userAgent === 'string' &&","                    typeof document.querySelector('body') === 'object' &&","                    typeof XMLHttpRequest.prototype.open === 'function' &&","                    'browser';","            } catch (errorCaughtBrowser) {","                return module.exports &&","                    typeof process.versions.node === 'string' &&","                    typeof require('http').createServer === 'function' &&","                    'node';","            }","        }());","        // init global","        local.global = local.modeJs === 'browser'","            ? window","            : global;","        switch (local.modeJs) {","        // re-init local from window.local","        case 'browser':","            local = local.global.utility2.objectSetDefault(","                local.global.utility2_rollup || local.global.local,","                local.global.utility2","            );","            break;","        // re-init local from example.js","        case 'node':","            local = (local.global.utility2_rollup || require('utility2'))","                .requireReadme();","            break;","        }","        // export local","        local.global.local = local;","    }());","","","","    // run shared js-env code - function","    (function () {","        return;","    }());","    switch (local.modeJs) {","","","","    // run browser js-env code - function","    case 'browser':","        break;","","","","    // run node js-env code - function","    case 'node':","        break;","    }","","","","    // run shared js-env code - init-after","    (function () {","        return;","    }());","    switch (local.modeJs) {","","","","    // run browser js-env code - init-after","    case 'browser':","        local.testCase_browser_nullCase = local.testCase_browser_nullCase || function (","            options,","            onError","        ) {","        /*","         * this function will test browsers's null-case handling-behavior-behavior","         */","            onError(null, options);","        };","","        // run tests","        local.nop(local.modeTest &&","            document.querySelector('#testRunButton1') &&","            document.querySelector('#testRunButton1').click());","        break;","","","","    // run node js-env code - init-after","    /* istanbul ignore next */","    case 'node':","        local.testCase_buildApidoc_default = local.testCase_buildApidoc_default || function (","            options,","            onError","        ) {","        /*","         * this function will test buildApidoc's default handling-behavior-behavior","         */","            options = { modulePathList: module.paths };","            local.buildApidoc(options, onError);","        };","","        local.testCase_buildApp_default = local.testCase_buildApp_default || function (","            options,","            onError","        ) {","        /*","         * this function will test buildApp's default handling-behavior-behavior","         */","            local.testCase_buildReadme_default(options, local.onErrorThrow);","            local.testCase_buildLib_default(options, local.onErrorThrow);","            local.testCase_buildTest_default(options, local.onErrorThrow);","            local.testCase_buildCustomOrg_default(options, local.onErrorThrow);","            options = [];","            local.buildApp(options, onError);","        };","","        local.testCase_buildCustomOrg_default = local.testCase_buildCustomOrg_default ||","            function (options, onError) {","            /*","             * this function will test buildCustomOrg's default handling-behavior","             */","                options = {};","                local.buildCustomOrg(options, onError);","            };","","        local.testCase_buildLib_default = local.testCase_buildLib_default || function (","            options,","            onError","        ) {","        /*","         * this function will test buildLib's default handling-behavior","         */","            options = {};","            local.buildLib(options, onError);","        };","","        local.testCase_buildReadme_default = local.testCase_buildReadme_default || function (","            options,","            onError","        ) {","        /*","         * this function will test buildReadme's default handling-behavior-behavior","         */","            options = {};","            local.buildReadme(options, onError);","        };","","        local.testCase_buildTest_default = local.testCase_buildTest_default || function (","            options,","            onError","        ) {","        /*","         * this function will test buildTest's default handling-behavior","         */","            options = {};","            local.buildTest(options, onError);","        };","","        local.testCase_webpage_default = local.testCase_webpage_default || function (","            options,","            onError","        ) {","        /*","         * this function will test webpage's default handling-behavior","         */","            options = { modeCoverageMerge: true, url: local.serverLocalHost + '?modeTest=1' };","            local.browserTest(options, onError);","        };","","        // run test-server","        local.testRunServer(local);","        break;","    }","}());",""],"l":{"12":2,"14":2,"19":2,"21":2,"23":2,"24":2,"25":2,"30":1,"37":2,"40":2,"43":1,"47":1,"50":1,"52":1,"55":2,"61":2,"62":2,"64":2,"70":1,"76":1,"82":2,"83":2,"85":2,"91":1,"98":1,"102":1,"105":1,"112":1,"119":1,"120":1,"123":1,"130":1,"131":1,"132":1,"133":1,"134":1,"135":1,"138":1,"143":2,"144":2,"147":1,"154":2,"155":2,"158":1,"165":2,"166":2,"169":1,"176":2,"177":2,"180":1,"187":1,"188":1,"192":1,"193":1}},"/home/travis/build/npmtest/node-npmtest-resourcejs/lib.npmtest_resourcejs.js":{"path":"/home/travis/build/npmtest/node-npmtest-resourcejs/lib.npmtest_resourcejs.js","s":{"1":2,"2":2,"3":2,"4":2,"5":2,"6":2,"7":2,"8":1,"9":2,"10":2,"11":2,"12":2,"13":1,"14":1,"15":1,"16":1},"b":{"1":[2,1,1,1],"2":[1,1,1,1],"3":[1,1],"4":[2,2],"5":[1,1]},"f":{"1":2,"2":2,"3":2},"fnMap":{"1":{"name":"(anonymous_1)","line":12,"loc":{"start":{"line":12,"column":1},"end":{"line":12,"column":13}}},"2":{"name":"(anonymous_2)","line":19,"loc":{"start":{"line":19,"column":5},"end":{"line":19,"column":17}}},"3":{"name":"(anonymous_3)","line":23,"loc":{"start":{"line":23,"column":24},"end":{"line":23,"column":36}}}},"statementMap":{"1":{"start":{"line":12,"column":0},"end":{"line":53,"column":5}},"2":{"start":{"line":14,"column":4},"end":{"line":14,"column":14}},"3":{"start":{"line":19,"column":4},"end":{"line":52,"column":9}},"4":{"start":{"line":21,"column":8},"end":{"line":21,"column":19}},"5":{"start":{"line":23,"column":8},"end":{"line":35,"column":13}},"6":{"start":{"line":24,"column":12},"end":{"line":34,"column":13}},"7":{"start":{"line":25,"column":16},"end":{"line":28,"column":30}},"8":{"start":{"line":30,"column":16},"end":{"line":33,"column":27}},"9":{"start":{"line":37,"column":8},"end":{"line":39,"column":21}},"10":{"start":{"line":41,"column":8},"end":{"line":41,"column":54}},"11":{"start":{"line":43,"column":8},"end":{"line":43,"column":55}},"12":{"start":{"line":45,"column":8},"end":{"line":51,"column":9}},"13":{"start":{"line":46,"column":12},"end":{"line":46,"column":61}},"14":{"start":{"line":48,"column":12},"end":{"line":48,"column":35}},"15":{"start":{"line":49,"column":12},"end":{"line":49,"column":49}},"16":{"start":{"line":50,"column":12},"end":{"line":50,"column":43}}},"branchMap":{"1":{"line":25,"type":"binary-expr","locations":[{"start":{"line":25,"column":23},"end":{"line":25,"column":62}},{"start":{"line":26,"column":20},"end":{"line":26,"column":70}},{"start":{"line":27,"column":20},"end":{"line":27,"column":71}},{"start":{"line":28,"column":20},"end":{"line":28,"column":29}}]},"2":{"line":30,"type":"binary-expr","locations":[{"start":{"line":30,"column":23},"end":{"line":30,"column":37}},{"start":{"line":31,"column":20},"end":{"line":31,"column":61}},{"start":{"line":32,"column":20},"end":{"line":32,"column":70}},{"start":{"line":33,"column":20},"end":{"line":33,"column":26}}]},"3":{"line":37,"type":"cond-expr","locations":[{"start":{"line":38,"column":14},"end":{"line":38,"column":20}},{"start":{"line":39,"column":14},"end":{"line":39,"column":20}}]},"4":{"line":41,"type":"binary-expr","locations":[{"start":{"line":41,"column":16},"end":{"line":41,"column":44}},{"start":{"line":41,"column":48},"end":{"line":41,"column":53}}]},"5":{"line":45,"type":"if","locations":[{"start":{"line":45,"column":8},"end":{"line":45,"column":8}},{"start":{"line":45,"column":8},"end":{"line":45,"column":8}}]}},"code":["/* istanbul instrument in package npmtest_resourcejs */","/*jslint","    bitwise: true,","    browser: true,","    maxerr: 8,","    maxlen: 96,","    node: true,","    nomen: true,","    regexp: true,","    stupid: true","*/","(function () {","    'use strict';","    var local;","","","","    // run shared js-env code - init-before","    (function () {","        // init local","        local = {};","        // init modeJs","        local.modeJs = (function () {","            try {","                return typeof navigator.userAgent === 'string' &&","                    typeof document.querySelector('body') === 'object' &&","                    typeof XMLHttpRequest.prototype.open === 'function' &&","                    'browser';","            } catch (errorCaughtBrowser) {","                return module.exports &&","                    typeof process.versions.node === 'string' &&","                    typeof require('http').createServer === 'function' &&","                    'node';","            }","        }());","        // init global","        local.global = local.modeJs === 'browser'","            ? window","            : global;","        // init utility2_rollup","        local = local.global.utility2_rollup || local;","        // init lib","        local.local = local.npmtest_resourcejs = local;","        // init exports","        if (local.modeJs === 'browser') {","            local.global.utility2_npmtest_resourcejs = local;","        } else {","            module.exports = local;","            module.exports.__dirname = __dirname;","            module.exports.module = module;","        }","    }());","}());",""],"l":{"12":2,"14":2,"19":2,"21":2,"23":2,"24":2,"25":2,"30":1,"37":2,"41":2,"43":2,"45":2,"46":1,"48":1,"49":1,"50":1}},"/home/travis/build/npmtest/node-npmtest-resourcejs/example.js":{"path":"/home/travis/build/npmtest/node-npmtest-resourcejs/example.js","s":{"1":2,"2":2,"3":2,"4":2,"5":2,"6":2,"7":2,"8":1,"9":2,"10":2,"11":2,"12":2,"13":1,"14":2,"15":2,"16":2,"17":2,"18":2,"19":0,"20":2,"21":1,"22":1,"23":1,"24":1,"25":1,"26":0,"27":0,"28":1,"29":1,"30":2,"31":0,"32":0,"33":0,"34":1,"35":2,"36":2,"37":3,"38":3,"39":3,"40":3,"41":0,"42":3,"43":3,"44":3,"45":1,"46":3,"47":1,"48":1,"49":1,"50":1,"51":1,"52":1,"53":1,"54":1,"55":1,"56":1,"57":0,"58":1,"59":6,"60":6,"61":1,"62":2,"63":0,"64":2,"65":1,"66":1,"67":0,"68":0,"69":0,"70":0,"71":0,"72":0,"73":0,"74":0,"75":0,"76":0,"77":0,"78":0,"79":0,"80":0,"81":0,"82":0,"83":0},"b":{"1":[2,1,1,1],"2":[1,1,1,1],"3":[1,1],"4":[2,2],"5":[1,1],"6":[1,1],"7":[2,0],"8":[2,1,1,1,1,1],"9":[0,2,0],"10":[1,1],"11":[2,1,1],"12":[1,0],"13":[0,2],"14":[2,0,0,0,0,0,0],"15":[0,3],"16":[3,0],"17":[1,1],"18":[0,1],"19":[1,2,0,2],"20":[1,0],"21":[1,1],"22":[0,0],"23":[0,0],"24":[0,0],"25":[0,0],"26":[0,0],"27":[0,0],"28":[0,0]},"f":{"1":2,"2":2,"3":2,"4":2,"5":2,"6":2,"7":3,"8":3,"9":3,"10":1,"11":6,"12":0},"fnMap":{"1":{"name":"(anonymous_1)","line":26,"loc":{"start":{"line":26,"column":1},"end":{"line":26,"column":13}}},"2":{"name":"(anonymous_2)","line":33,"loc":{"start":{"line":33,"column":5},"end":{"line":33,"column":17}}},"3":{"name":"(anonymous_3)","line":37,"loc":{"start":{"line":37,"column":24},"end":{"line":37,"column":36}}},"4":{"name":"(anonymous_4)","line":69,"loc":{"start":{"line":69,"column":31},"end":{"line":69,"column":48}},"skip":true},"5":{"name":"(anonymous_5)","line":78,"loc":{"start":{"line":78,"column":26},"end":{"line":78,"column":45}},"skip":true},"6":{"name":"(anonymous_6)","line":123,"loc":{"start":{"line":123,"column":33},"end":{"line":123,"column":48}},"skip":true},"7":{"name":"(anonymous_7)","line":125,"loc":{"start":{"line":125,"column":27},"end":{"line":125,"column":39}},"skip":true},"8":{"name":"(anonymous_8)","line":133,"loc":{"start":{"line":133,"column":59},"end":{"line":133,"column":74}},"skip":true},"9":{"name":"(anonymous_9)","line":143,"loc":{"start":{"line":143,"column":45},"end":{"line":143,"column":62}},"skip":true},"10":{"name":"(anonymous_10)","line":144,"loc":{"start":{"line":144,"column":73},"end":{"line":144,"column":92}},"skip":true},"11":{"name":"(anonymous_11)","line":272,"loc":{"start":{"line":272,"column":51},"end":{"line":272,"column":77}},"skip":true},"12":{"name":"(anonymous_12)","line":315,"loc":{"start":{"line":315,"column":32},"end":{"line":315,"column":61}},"skip":true}},"statementMap":{"1":{"start":{"line":26,"column":0},"end":{"line":326,"column":5}},"2":{"start":{"line":28,"column":4},"end":{"line":28,"column":14}},"3":{"start":{"line":33,"column":4},"end":{"line":60,"column":9}},"4":{"start":{"line":35,"column":8},"end":{"line":35,"column":19}},"5":{"start":{"line":37,"column":8},"end":{"line":49,"column":13}},"6":{"start":{"line":38,"column":12},"end":{"line":48,"column":13}},"7":{"start":{"line":39,"column":16},"end":{"line":42,"column":30}},"8":{"start":{"line":44,"column":16},"end":{"line":47,"column":27}},"9":{"start":{"line":51,"column":8},"end":{"line":53,"column":21}},"10":{"start":{"line":55,"column":8},"end":{"line":57,"column":45}},"11":{"start":{"line":59,"column":8},"end":{"line":59,"column":35}},"12":{"start":{"line":61,"column":4},"end":{"line":325,"column":5}},"13":{"start":{"line":69,"column":8},"end":{"line":121,"column":10},"skip":true},"14":{"start":{"line":70,"column":12},"end":{"line":88,"column":13},"skip":true},"15":{"start":{"line":76,"column":16},"end":{"line":87,"column":19},"skip":true},"16":{"start":{"line":79,"column":20},"end":{"line":86,"column":21},"skip":true},"17":{"start":{"line":82,"column":24},"end":{"line":82,"column":43},"skip":true},"18":{"start":{"line":83,"column":24},"end":{"line":83,"column":30},"skip":true},"19":{"start":{"line":85,"column":24},"end":{"line":85,"column":49},"skip":true},"20":{"start":{"line":89,"column":12},"end":{"line":107,"column":13},"skip":true},"21":{"start":{"line":92,"column":16},"end":{"line":102,"column":17},"skip":true},"22":{"start":{"line":93,"column":20},"end":{"line":93,"column":86},"skip":true},"23":{"start":{"line":94,"column":20},"end":{"line":95,"column":45},"skip":true},"24":{"start":{"line":96,"column":20},"end":{"line":96,"column":42},"skip":true},"25":{"start":{"line":97,"column":20},"end":{"line":97,"column":48},"skip":true},"26":{"start":{"line":100,"column":20},"end":{"line":100,"column":85},"skip":true},"27":{"start":{"line":101,"column":20},"end":{"line":101,"column":96},"skip":true},"28":{"start":{"line":103,"column":16},"end":{"line":103,"column":22},"skip":true},"29":{"start":{"line":106,"column":16},"end":{"line":106,"column":22},"skip":true},"30":{"start":{"line":108,"column":12},"end":{"line":120,"column":13},"skip":true},"31":{"start":{"line":114,"column":16},"end":{"line":119,"column":17},"skip":true},"32":{"start":{"line":116,"column":20},"end":{"line":116,"column":78},"skip":true},"33":{"start":{"line":118,"column":20},"end":{"line":118,"column":47},"skip":true},"34":{"start":{"line":123,"column":8},"end":{"line":141,"column":11},"skip":true},"35":{"start":{"line":124,"column":12},"end":{"line":124,"column":54},"skip":true},"36":{"start":{"line":125,"column":12},"end":{"line":140,"column":14},"skip":true},"37":{"start":{"line":126,"column":16},"end":{"line":126,"column":28},"skip":true},"38":{"start":{"line":127,"column":16},"end":{"line":127,"column":69},"skip":true},"39":{"start":{"line":128,"column":16},"end":{"line":128,"column":75},"skip":true},"40":{"start":{"line":129,"column":16},"end":{"line":131,"column":17},"skip":true},"41":{"start":{"line":130,"column":20},"end":{"line":130,"column":27},"skip":true},"42":{"start":{"line":133,"column":16},"end":{"line":137,"column":36},"skip":true},"43":{"start":{"line":134,"column":20},"end":{"line":136,"column":55},"skip":true},"44":{"start":{"line":139,"column":16},"end":{"line":139,"column":57},"skip":true},"45":{"start":{"line":143,"column":8},"end":{"line":147,"column":11},"skip":true},"46":{"start":{"line":144,"column":12},"end":{"line":146,"column":15},"skip":true},"47":{"start":{"line":145,"column":16},"end":{"line":145,"column":70},"skip":true},"48":{"start":{"line":149,"column":8},"end":{"line":149,"column":31},"skip":true},"49":{"start":{"line":150,"column":8},"end":{"line":150,"column":14},"skip":true},"50":{"start":{"line":158,"column":8},"end":{"line":158,"column":31},"skip":true},"51":{"start":{"line":160,"column":8},"end":{"line":160,"column":33},"skip":true},"52":{"start":{"line":161,"column":8},"end":{"line":161,"column":37},"skip":true},"53":{"start":{"line":162,"column":8},"end":{"line":162,"column":35},"skip":true},"54":{"start":{"line":164,"column":8},"end":{"line":164,"column":50},"skip":true},"55":{"start":{"line":166,"column":8},"end":{"line":256,"column":2},"skip":true},"56":{"start":{"line":258,"column":8},"end":{"line":286,"column":9},"skip":true},"57":{"start":{"line":259,"column":12},"end":{"line":269,"column":14},"skip":true},"58":{"start":{"line":271,"column":12},"end":{"line":285,"column":19},"skip":true},"59":{"start":{"line":274,"column":20},"end":{"line":274,"column":35},"skip":true},"60":{"start":{"line":275,"column":20},"end":{"line":284,"column":21},"skip":true},"61":{"start":{"line":277,"column":24},"end":{"line":277,"column":64},"skip":true},"62":{"start":{"line":279,"column":24},"end":{"line":279,"column":40},"skip":true},"63":{"start":{"line":281,"column":24},"end":{"line":281,"column":40},"skip":true},"64":{"start":{"line":283,"column":24},"end":{"line":283,"column":39},"skip":true},"65":{"start":{"line":288,"column":8},"end":{"line":290,"column":9},"skip":true},"66":{"start":{"line":289,"column":12},"end":{"line":289,"column":18},"skip":true},"67":{"start":{"line":291,"column":8},"end":{"line":293,"column":54},"skip":true},"68":{"start":{"line":296,"column":8},"end":{"line":301,"column":37},"skip":true},"69":{"start":{"line":303,"column":8},"end":{"line":303,"column":82},"skip":true},"70":{"start":{"line":306,"column":8},"end":{"line":308,"column":9},"skip":true},"71":{"start":{"line":307,"column":12},"end":{"line":307,"column":82},"skip":true},"72":{"start":{"line":310,"column":8},"end":{"line":312,"column":9},"skip":true},"73":{"start":{"line":311,"column":12},"end":{"line":311,"column":18},"skip":true},"74":{"start":{"line":313,"column":8},"end":{"line":313,"column":54},"skip":true},"75":{"start":{"line":314,"column":8},"end":{"line":314,"column":69},"skip":true},"76":{"start":{"line":315,"column":8},"end":{"line":323,"column":36},"skip":true},"77":{"start":{"line":316,"column":12},"end":{"line":316,"column":61},"skip":true},"78":{"start":{"line":317,"column":12},"end":{"line":320,"column":13},"skip":true},"79":{"start":{"line":318,"column":16},"end":{"line":318,"column":75},"skip":true},"80":{"start":{"line":319,"column":16},"end":{"line":319,"column":23},"skip":true},"81":{"start":{"line":321,"column":12},"end":{"line":321,"column":38},"skip":true},"82":{"start":{"line":322,"column":12},"end":{"line":322,"column":27},"skip":true},"83":{"start":{"line":324,"column":8},"end":{"line":324,"column":14},"skip":true}},"branchMap":{"1":{"line":39,"type":"binary-expr","locations":[{"start":{"line":39,"column":23},"end":{"line":39,"column":62}},{"start":{"line":40,"column":20},"end":{"line":40,"column":70}},{"start":{"line":41,"column":20},"end":{"line":41,"column":71}},{"start":{"line":42,"column":20},"end":{"line":42,"column":29}}]},"2":{"line":44,"type":"binary-expr","locations":[{"start":{"line":44,"column":23},"end":{"line":44,"column":37}},{"start":{"line":45,"column":20},"end":{"line":45,"column":61}},{"start":{"line":46,"column":20},"end":{"line":46,"column":70}},{"start":{"line":47,"column":20},"end":{"line":47,"column":26}}]},"3":{"line":51,"type":"cond-expr","locations":[{"start":{"line":52,"column":14},"end":{"line":52,"column":20}},{"start":{"line":53,"column":14},"end":{"line":53,"column":20}}]},"4":{"line":55,"type":"binary-expr","locations":[{"start":{"line":55,"column":16},"end":{"line":55,"column":44}},{"start":{"line":55,"column":49},"end":{"line":57,"column":43}}]},"5":{"line":55,"type":"cond-expr","locations":[{"start":{"line":56,"column":14},"end":{"line":56,"column":54}},{"start":{"line":57,"column":14},"end":{"line":57,"column":43}}]},"6":{"line":61,"type":"switch","locations":[{"start":{"line":68,"column":4},"end":{"line":150,"column":14},"skip":true},{"start":{"line":156,"column":4},"end":{"line":324,"column":14},"skip":true}]},"7":{"line":70,"type":"if","locations":[{"start":{"line":70,"column":12},"end":{"line":70,"column":12},"skip":true},{"start":{"line":70,"column":12},"end":{"line":70,"column":12},"skip":true}]},"8":{"line":70,"type":"binary-expr","locations":[{"start":{"line":70,"column":16},"end":{"line":70,"column":22},"skip":true},{"start":{"line":70,"column":27},"end":{"line":70,"column":32},"skip":true},{"start":{"line":71,"column":20},"end":{"line":71,"column":39},"skip":true},{"start":{"line":72,"column":20},"end":{"line":72,"column":49},"skip":true},{"start":{"line":73,"column":20},"end":{"line":73,"column":58},"skip":true},{"start":{"line":74,"column":20},"end":{"line":74,"column":69},"skip":true}]},"9":{"line":79,"type":"switch","locations":[{"start":{"line":80,"column":20},"end":{"line":80,"column":33},"skip":true},{"start":{"line":81,"column":20},"end":{"line":83,"column":30},"skip":true},{"start":{"line":84,"column":20},"end":{"line":85,"column":49},"skip":true}]},"10":{"line":89,"type":"switch","locations":[{"start":{"line":90,"column":12},"end":{"line":103,"column":22},"skip":true},{"start":{"line":105,"column":12},"end":{"line":106,"column":22},"skip":true}]},"11":{"line":89,"type":"binary-expr","locations":[{"start":{"line":89,"column":20},"end":{"line":89,"column":25},"skip":true},{"start":{"line":89,"column":29},"end":{"line":89,"column":48},"skip":true},{"start":{"line":89,"column":52},"end":{"line":89,"column":74},"skip":true}]},"12":{"line":92,"type":"if","locations":[{"start":{"line":92,"column":16},"end":{"line":92,"column":16},"skip":true},{"start":{"line":92,"column":16},"end":{"line":92,"column":16},"skip":true}]},"13":{"line":108,"type":"if","locations":[{"start":{"line":108,"column":12},"end":{"line":108,"column":12},"skip":true},{"start":{"line":108,"column":12},"end":{"line":108,"column":12},"skip":true}]},"14":{"line":108,"type":"binary-expr","locations":[{"start":{"line":108,"column":16},"end":{"line":108,"column":61},"skip":true},{"start":{"line":108,"column":66},"end":{"line":108,"column":72},"skip":true},{"start":{"line":108,"column":77},"end":{"line":108,"column":82},"skip":true},{"start":{"line":109,"column":20},"end":{"line":109,"column":39},"skip":true},{"start":{"line":110,"column":20},"end":{"line":110,"column":49},"skip":true},{"start":{"line":111,"column":20},"end":{"line":111,"column":58},"skip":true},{"start":{"line":112,"column":20},"end":{"line":112,"column":68},"skip":true}]},"15":{"line":129,"type":"if","locations":[{"start":{"line":129,"column":16},"end":{"line":129,"column":16},"skip":true},{"start":{"line":129,"column":16},"end":{"line":129,"column":16},"skip":true}]},"16":{"line":134,"type":"cond-expr","locations":[{"start":{"line":135,"column":26},"end":{"line":135,"column":29},"skip":true},{"start":{"line":136,"column":26},"end":{"line":136,"column":54},"skip":true}]},"17":{"line":164,"type":"binary-expr","locations":[{"start":{"line":164,"column":27},"end":{"line":164,"column":43},"skip":true},{"start":{"line":164,"column":47},"end":{"line":164,"column":49},"skip":true}]},"18":{"line":258,"type":"if","locations":[{"start":{"line":258,"column":8},"end":{"line":258,"column":8},"skip":true},{"start":{"line":258,"column":8},"end":{"line":258,"column":8},"skip":true}]},"19":{"line":275,"type":"switch","locations":[{"start":{"line":276,"column":20},"end":{"line":277,"column":64},"skip":true},{"start":{"line":278,"column":20},"end":{"line":279,"column":40},"skip":true},{"start":{"line":280,"column":20},"end":{"line":281,"column":40},"skip":true},{"start":{"line":282,"column":20},"end":{"line":283,"column":39},"skip":true}]},"20":{"line":288,"type":"if","locations":[{"start":{"line":288,"column":8},"end":{"line":288,"column":8},"skip":true},{"start":{"line":288,"column":8},"end":{"line":288,"column":8},"skip":true}]},"21":{"line":288,"type":"binary-expr","locations":[{"start":{"line":288,"column":12},"end":{"line":288,"column":40},"skip":true},{"start":{"line":288,"column":44},"end":{"line":288,"column":67},"skip":true}]},"22":{"line":292,"type":"binary-expr","locations":[{"start":{"line":292,"column":12},"end":{"line":292,"column":50},"skip":true},{"start":{"line":293,"column":12},"end":{"line":293,"column":53},"skip":true}]},"23":{"line":297,"type":"binary-expr","locations":[{"start":{"line":297,"column":12},"end":{"line":297,"column":68},"skip":true},{"start":{"line":298,"column":12},"end":{"line":301,"column":36},"skip":true}]},"24":{"line":303,"type":"binary-expr","locations":[{"start":{"line":303,"column":43},"end":{"line":303,"column":75},"skip":true},{"start":{"line":303,"column":79},"end":{"line":303,"column":81},"skip":true}]},"25":{"line":306,"type":"if","locations":[{"start":{"line":306,"column":8},"end":{"line":306,"column":8},"skip":true},{"start":{"line":306,"column":8},"end":{"line":306,"column":8},"skip":true}]},"26":{"line":310,"type":"if","locations":[{"start":{"line":310,"column":8},"end":{"line":310,"column":8},"skip":true},{"start":{"line":310,"column":8},"end":{"line":310,"column":8},"skip":true}]},"27":{"line":313,"type":"binary-expr","locations":[{"start":{"line":313,"column":27},"end":{"line":313,"column":43},"skip":true},{"start":{"line":313,"column":47},"end":{"line":313,"column":53},"skip":true}]},"28":{"line":317,"type":"if","locations":[{"start":{"line":317,"column":12},"end":{"line":317,"column":12},"skip":true},{"start":{"line":317,"column":12},"end":{"line":317,"column":12},"skip":true}]}},"code":["/*","example.js","","quickstart example","","instruction","    1. save this script as example.js","    2. run the shell command:","        $ npm install npmtest-resourcejs && PORT=8081 node example.js","    3. play with the browser-demo on http://127.0.0.1:8081","*/","","","","/* istanbul instrument in package npmtest_resourcejs */","/*jslint","    bitwise: true,","    browser: true,","    maxerr: 8,","    maxlen: 96,","    node: true,","    nomen: true,","    regexp: true,","    stupid: true","*/","(function () {","    'use strict';","    var local;","","","","    // run shared js-env code - init-before","    (function () {","        // init local","        local = {};","        // init modeJs","        local.modeJs = (function () {","            try {","                return typeof navigator.userAgent === 'string' &&","                    typeof document.querySelector('body') === 'object' &&","                    typeof XMLHttpRequest.prototype.open === 'function' &&","                    'browser';","            } catch (errorCaughtBrowser) {","                return module.exports &&","                    typeof process.versions.node === 'string' &&","                    typeof require('http').createServer === 'function' &&","                    'node';","            }","        }());","        // init global","        local.global = local.modeJs === 'browser'","            ? window","            : global;","        // init utility2_rollup","        local = local.global.utility2_rollup || (local.modeJs === 'browser'","            ? local.global.utility2_npmtest_resourcejs","            : global.utility2_moduleExports);","        // export local","        local.global.local = local;","    }());","    switch (local.modeJs) {","","","","    // init-after","    // run browser js-env code - init-after","    /* istanbul ignore next */","    case 'browser':","        local.testRunBrowser = function (event) {","            if (!event || (event &&","                    event.currentTarget &&","                    event.currentTarget.className &&","                    event.currentTarget.className.includes &&","                    event.currentTarget.className.includes('onreset'))) {","                // reset output","                Array.from(","                    document.querySelectorAll('body > .resettable')","                ).forEach(function (element) {","                    switch (element.tagName) {","                    case 'INPUT':","                    case 'TEXTAREA':","                        element.value = '';","                        break;","                    default:","                        element.textContent = '';","                    }","                });","            }","            switch (event && event.currentTarget && event.currentTarget.id) {","            case 'testRunButton1':","                // show tests","                if (document.querySelector('#testReportDiv1').style.display === 'none') {","                    document.querySelector('#testReportDiv1').style.display = 'block';","                    document.querySelector('#testRunButton1').textContent =","                        'hide internal test';","                    local.modeTest = true;","                    local.testRunDefault(local);","                // hide tests","                } else {","                    document.querySelector('#testReportDiv1').style.display = 'none';","                    document.querySelector('#testRunButton1').textContent = 'run internal test';","                }","                break;","            // custom-case","            default:","                break;","            }","            if (document.querySelector('#inputTextareaEval1') && (!event || (event &&","                    event.currentTarget &&","                    event.currentTarget.className &&","                    event.currentTarget.className.includes &&","                    event.currentTarget.className.includes('oneval')))) {","                // try to eval input-code","                try {","                    /*jslint evil: true*/","                    eval(document.querySelector('#inputTextareaEval1').value);","                } catch (errorCaught) {","                    console.error(errorCaught);","                }","            }","        };","        // log stderr and stdout to #outputTextareaStdout1","        ['error', 'log'].forEach(function (key) {","            console[key + '_original'] = console[key];","            console[key] = function () {","                var element;","                console[key + '_original'].apply(console, arguments);","                element = document.querySelector('#outputTextareaStdout1');","                if (!element) {","                    return;","                }","                // append text to #outputTextareaStdout1","                element.value += Array.from(arguments).map(function (arg) {","                    return typeof arg === 'string'","                        ? arg","                        : JSON.stringify(arg, null, 4);","                }).join(' ') + '\\n';","                // scroll textarea to bottom","                element.scrollTop = element.scrollHeight;","            };","        });","        // init event-handling","        ['change', 'click', 'keyup'].forEach(function (event) {","            Array.from(document.querySelectorAll('.on' + event)).forEach(function (element) {","                element.addEventListener(event, local.testRunBrowser);","            });","        });","        // run tests","        local.testRunBrowser();","        break;","","","","    // run node js-env code - init-after","    /* istanbul ignore next */","    case 'node':","        // export local","        module.exports = local;","        // require modules","        local.fs = require('fs');","        local.http = require('http');","        local.url = require('url');","        // init assets","        local.assetsDict = local.assetsDict || {};","        /* jslint-ignore-begin */","        local.assetsDict['/assets.index.template.html'] = '\\","<!doctype html>\\n\\","<html lang=\"en\">\\n\\","<head>\\n\\","<meta charset=\"UTF-8\">\\n\\","<meta name=\"viewport\" content=\"width=device-width, initial-scale=1\">\\n\\","<title>{{env.npm_package_name}} (v{{env.npm_package_version}})</title>\\n\\","<style>\\n\\","/*csslint\\n\\","    box-sizing: false,\\n\\","    universal-selector: false\\n\\","*/\\n\\","* {\\n\\","    box-sizing: border-box;\\n\\","}\\n\\","body {\\n\\","    background: #dde;\\n\\","    font-family: Arial, Helvetica, sans-serif;\\n\\","    margin: 2rem;\\n\\","}\\n\\","body > * {\\n\\","    margin-bottom: 1rem;\\n\\","}\\n\\",".utility2FooterDiv {\\n\\","    margin-top: 20px;\\n\\","    text-align: center;\\n\\","}\\n\\","</style>\\n\\","<style>\\n\\","/*csslint\\n\\","*/\\n\\","textarea {\\n\\","    font-family: monospace;\\n\\","    height: 10rem;\\n\\","    width: 100%;\\n\\","}\\n\\","textarea[readonly] {\\n\\","    background: #ddd;\\n\\","}\\n\\","</style>\\n\\","</head>\\n\\","<body>\\n\\","<!-- utility2-comment\\n\\","<div id=\"ajaxProgressDiv1\" style=\"background: #d00; height: 2px; left: 0; margin: 0; padding: 0; position: fixed; top: 0; transition: background 0.5s, width 1.5s; width: 25%;\"></div>\\n\\","utility2-comment -->\\n\\","<h1>\\n\\","<!-- utility2-comment\\n\\","    <a\\n\\","        {{#if env.npm_package_homepage}}\\n\\","        href=\"{{env.npm_package_homepage}}\"\\n\\","        {{/if env.npm_package_homepage}}\\n\\","        target=\"_blank\"\\n\\","    >\\n\\","utility2-comment -->\\n\\","        {{env.npm_package_name}} (v{{env.npm_package_version}})\\n\\","<!-- utility2-comment\\n\\","    </a>\\n\\","utility2-comment -->\\n\\","</h1>\\n\\","<h3>{{env.npm_package_description}}</h3>\\n\\","<!-- utility2-comment\\n\\","<h4><a download href=\"assets.app.js\">download standalone app</a></h4>\\n\\","<button class=\"onclick onreset\" id=\"testRunButton1\">run internal test</button><br>\\n\\","<div id=\"testReportDiv1\" style=\"display: none;\"></div>\\n\\","utility2-comment -->\\n\\","\\n\\","\\n\\","\\n\\","<label>stderr and stdout</label>\\n\\","<textarea class=\"resettable\" id=\"outputTextareaStdout1\" readonly></textarea>\\n\\","<!-- utility2-comment\\n\\","{{#if isRollup}}\\n\\","<script src=\"assets.app.js\"></script>\\n\\","{{#unless isRollup}}\\n\\","utility2-comment -->\\n\\","<script src=\"assets.utility2.rollup.js\"></script>\\n\\","<script src=\"jsonp.utility2._stateInit?callback=window.utility2._stateInit\"></script>\\n\\","<script src=\"assets.npmtest_resourcejs.rollup.js\"></script>\\n\\","<script src=\"assets.example.js\"></script>\\n\\","<script src=\"assets.test.js\"></script>\\n\\","<!-- utility2-comment\\n\\","{{/if isRollup}}\\n\\","utility2-comment -->\\n\\","<div class=\"utility2FooterDiv\">\\n\\","    [ this app was created with\\n\\","    <a href=\"https://github.com/kaizhu256/node-utility2\" target=\"_blank\">utility2</a>\\n\\","    ]\\n\\","</div>\\n\\","</body>\\n\\","</html>\\n\\","';","        /* jslint-ignore-end */","        if (local.templateRender) {","            local.assetsDict['/'] = local.templateRender(","                local.assetsDict['/assets.index.template.html'],","                {","                    env: local.objectSetDefault(local.env, {","                        npm_package_description: 'the greatest app in the world!',","                        npm_package_name: 'my-app',","                        npm_package_nameAlias: 'my_app',","                        npm_package_version: '0.0.1'","                    })","                }","            );","        } else {","            local.assetsDict['/'] = local.assetsDict['/assets.index.template.html']","                .replace((/\\{\\{env\\.(\\w+?)\\}\\}/g), function (match0, match1) {","                    // jslint-hack","                    String(match0);","                    switch (match1) {","                    case 'npm_package_description':","                        return 'the greatest app in the world!';","                    case 'npm_package_name':","                        return 'my-app';","                    case 'npm_package_nameAlias':","                        return 'my_app';","                    case 'npm_package_version':","                        return '0.0.1';","                    }","                });","        }","        // run the cli","        if (local.global.utility2_rollup || module !== require.main) {","            break;","        }","        local.assetsDict['/assets.example.js'] =","            local.assetsDict['/assets.example.js'] ||","            local.fs.readFileSync(__filename, 'utf8');","        // bug-workaround - long $npm_package_buildCustomOrg","        /* jslint-ignore-begin */","        local.assetsDict['/assets.npmtest_resourcejs.rollup.js'] =","            local.assetsDict['/assets.npmtest_resourcejs.rollup.js'] ||","            local.fs.readFileSync(","                local.npmtest_resourcejs.__dirname + '/lib.npmtest_resourcejs.js',","                'utf8'","            ).replace((/^#!/), '//');","        /* jslint-ignore-end */","        local.assetsDict['/favicon.ico'] = local.assetsDict['/favicon.ico'] || '';","        // if $npm_config_timeout_exit exists,","        // then exit this process after $npm_config_timeout_exit ms","        if (Number(process.env.npm_config_timeout_exit)) {","            setTimeout(process.exit, Number(process.env.npm_config_timeout_exit));","        }","        // start server","        if (local.global.utility2_serverHttp1) {","            break;","        }","        process.env.PORT = process.env.PORT || '8081';","        console.error('server starting on port ' + process.env.PORT);","        local.http.createServer(function (request, response) {","            request.urlParsed = local.url.parse(request.url);","            if (local.assetsDict[request.urlParsed.pathname] !== undefined) {","                response.end(local.assetsDict[request.urlParsed.pathname]);","                return;","            }","            response.statusCode = 404;","            response.end();","        }).listen(process.env.PORT);","        break;","    }","}());",""],"l":{"26":2,"28":2,"33":2,"35":2,"37":2,"38":2,"39":2,"44":1,"51":2,"55":2,"59":2,"61":2,"69":1,"70":2,"76":2,"79":2,"82":2,"83":2,"85":1,"89":2,"92":1,"93":1,"94":1,"96":1,"97":1,"100":1,"101":1,"103":1,"106":1,"108":2,"114":1,"116":1,"118":1,"123":1,"124":2,"125":2,"126":3,"127":3,"128":3,"129":3,"130":1,"133":3,"134":3,"139":3,"143":1,"144":3,"145":1,"149":1,"150":1,"158":1,"160":1,"161":1,"162":1,"164":1,"166":1,"258":1,"259":1,"271":1,"274":6,"275":6,"277":1,"279":2,"281":1,"283":2,"288":1,"289":1,"291":1,"296":1,"303":1,"306":1,"307":1,"310":1,"311":1,"313":1,"314":1,"315":1,"316":1,"317":1,"318":1,"319":1,"321":1,"322":1,"324":1}},"/home/travis/build/npmtest/node-npmtest-resourcejs/node_modules/resourcejs/Resource.js":{"path":"/home/travis/build/npmtest/node-npmtest-resourcejs/node_modules/resourcejs/Resource.js","s":{"1":1,"2":1,"3":1,"4":1,"5":1,"6":1,"7":0,"8":0,"9":0,"10":0,"11":0,"12":0,"13":0,"14":0,"15":0,"16":0,"17":0,"18":0,"19":0,"20":0,"21":0,"22":0,"23":0,"24":0,"25":0,"26":0,"27":0,"28":0,"29":0,"30":0,"31":0,"32":0,"33":0,"34":0,"35":0,"36":0,"37":0,"38":0,"39":0,"40":0,"41":0,"42":0,"43":0,"44":0,"45":0,"46":0,"47":0,"48":0,"49":0,"50":0,"51":0,"52":0,"53":0,"54":0,"55":0,"56":0,"57":0,"58":0,"59":0,"60":0,"61":0,"62":0,"63":0,"64":0,"65":0,"66":0,"67":0,"68":0,"69":0,"70":0,"71":0,"72":0,"73":0,"74":0,"75":0,"76":0,"77":0,"78":0,"79":0,"80":0,"81":0,"82":0,"83":0,"84":0,"85":0,"86":0,"87":0,"88":0,"89":0,"90":0,"91":0,"92":0,"93":0,"94":0,"95":0,"96":0,"97":0,"98":0,"99":0,"100":0,"101":0,"102":0,"103":0,"104":0,"105":0,"106":0,"107":0,"108":0,"109":0,"110":0,"111":0,"112":0,"113":0,"114":0,"115":0,"116":0,"117":0,"118":0,"119":0,"120":0,"121":0,"122":0,"123":0,"124":0,"125":0,"126":0,"127":0,"128":0,"129":0,"130":0,"131":0,"132":0,"133":0,"134":0,"135":0,"136":0,"137":0,"138":0,"139":0,"140":0,"141":0,"142":0,"143":0,"144":0,"145":0,"146":0,"147":0,"148":0,"149":0,"150":0,"151":0,"152":0,"153":0,"154":0,"155":0,"156":0,"157":0,"158":0,"159":0,"160":0,"161":0,"162":0,"163":0,"164":0,"165":0,"166":0,"167":0,"168":0,"169":0,"170":0,"171":0,"172":0,"173":0,"174":0,"175":0,"176":0,"177":0,"178":0,"179":0,"180":0,"181":0,"182":0,"183":0,"184":0,"185":0,"186":0,"187":0,"188":0,"189":0,"190":0,"191":0,"192":0,"193":0,"194":0,"195":0,"196":0,"197":0,"198":0,"199":0,"200":0,"201":0,"202":0,"203":0,"204":0,"205":0,"206":0,"207":0,"208":0,"209":0,"210":0,"211":0,"212":0,"213":0,"214":0,"215":0,"216":0,"217":0,"218":0,"219":0,"220":0,"221":0,"222":0,"223":0,"224":0,"225":0,"226":0,"227":0,"228":0,"229":0,"230":0,"231":0,"232":0,"233":0,"234":0,"235":0,"236":0,"237":0,"238":0,"239":0,"240":0,"241":0,"242":0,"243":0,"244":0,"245":0,"246":0,"247":0,"248":0,"249":0,"250":0,"251":0,"252":0,"253":0,"254":0,"255":0,"256":0,"257":0,"258":0,"259":0,"260":0,"261":0,"262":0,"263":0,"264":0,"265":0,"266":0,"267":0,"268":0,"269":0,"270":0,"271":0,"272":0,"273":0,"274":0,"275":0},"b":{"1":[0,0],"2":[0,0],"3":[0,0],"4":[0,0],"5":[0,0],"6":[0,0],"7":[0,0],"8":[0,0,0],"9":[0,0],"10":[0,0,0,0,0],"11":[0,0],"12":[0,0],"13":[0,0],"14":[0,0],"15":[0,0],"16":[0,0],"17":[0,0],"18":[0,0],"19":[0,0],"20":[0,0],"21":[0,0],"22":[0,0],"23":[0,0],"24":[0,0],"25":[0,0],"26":[0,0],"27":[0,0],"28":[0,0],"29":[0,0],"30":[0,0],"31":[0,0],"32":[0,0],"33":[0,0],"34":[0,0],"35":[0,0],"36":[0,0,0],"37":[0,0],"38":[0,0],"39":[0,0],"40":[0,0],"41":[0,0],"42":[0,0],"43":[0,0],"44":[0,0],"45":[0,0],"46":[0,0],"47":[0,0],"48":[0,0],"49":[0,0],"50":[0,0],"51":[0,0],"52":[0,0],"53":[0,0],"54":[0,0],"55":[0,0],"56":[0,0],"57":[0,0],"58":[0,0],"59":[0,0],"60":[0,0],"61":[0,0],"62":[0,0],"63":[0,0],"64":[0,0],"65":[0,0],"66":[0,0],"67":[0,0],"68":[0,0],"69":[0,0],"70":[0,0],"71":[0,0],"72":[0,0],"73":[0,0],"74":[0,0],"75":[0,0],"76":[0,0],"77":[0,0],"78":[0,0],"79":[0,0],"80":[0,0]},"f":{"1":0,"2":0,"3":0,"4":0,"5":0,"6":0,"7":0,"8":0,"9":0,"10":0,"11":0,"12":0,"13":0,"14":0,"15":0,"16":0,"17":0,"18":0,"19":0,"20":0,"21":0,"22":0,"23":0,"24":0,"25":0,"26":0,"27":0,"28":0,"29":0,"30":0,"31":0,"32":0,"33":0,"34":0,"35":0,"36":0,"37":0,"38":0,"39":0,"40":0,"41":0},"fnMap":{"1":{"name":"(anonymous_1)","line":14,"loc":{"start":{"line":14,"column":17},"end":{"line":14,"column":56}}},"2":{"name":"(anonymous_2)","line":60,"loc":{"start":{"line":60,"column":14},"end":{"line":60,"column":67}}},"3":{"name":"(anonymous_3)","line":107,"loc":{"start":{"line":107,"column":13},"end":{"line":107,"column":38}}},"4":{"name":"(anonymous_4)","line":119,"loc":{"start":{"line":119,"column":61},"end":{"line":119,"column":77}}},"5":{"name":"(anonymous_5)","line":134,"loc":{"start":{"line":134,"column":61},"end":{"line":134,"column":77}}},"6":{"name":"(anonymous_6)","line":169,"loc":{"start":{"line":169,"column":17},"end":{"line":169,"column":47}}},"7":{"name":"(anonymous_7)","line":180,"loc":{"start":{"line":180,"column":22},"end":{"line":180,"column":48}}},"8":{"name":"(anonymous_8)","line":210,"loc":{"start":{"line":210,"column":34},"end":{"line":210,"column":49}}},"9":{"name":"(anonymous_9)","line":216,"loc":{"start":{"line":216,"column":31},"end":{"line":216,"column":62}}},"10":{"name":"(anonymous_10)","line":230,"loc":{"start":{"line":230,"column":10},"end":{"line":230,"column":28}}},"11":{"name":"(anonymous_11)","line":248,"loc":{"start":{"line":248,"column":19},"end":{"line":248,"column":39}}},"12":{"name":"(anonymous_12)","line":266,"loc":{"start":{"line":266,"column":18},"end":{"line":266,"column":32}}},"13":{"name":"(anonymous_13)","line":273,"loc":{"start":{"line":273,"column":22},"end":{"line":273,"column":44}}},"14":{"name":"(anonymous_14)","line":317,"loc":{"start":{"line":317,"column":29},"end":{"line":317,"column":44}}},"15":{"name":"(anonymous_15)","line":357,"loc":{"start":{"line":357,"column":11},"end":{"line":357,"column":29}}},"16":{"name":"(anonymous_16)","line":360,"loc":{"start":{"line":360,"column":44},"end":{"line":360,"column":69}}},"17":{"name":"(anonymous_17)","line":375,"loc":{"start":{"line":375,"column":41},"end":{"line":375,"column":62}}},"18":{"name":"(anonymous_18)","line":383,"loc":{"start":{"line":383,"column":95},"end":{"line":383,"column":116}}},"19":{"name":"(anonymous_19)","line":426,"loc":{"start":{"line":426,"column":43},"end":{"line":426,"column":64}}},"20":{"name":"(anonymous_20)","line":457,"loc":{"start":{"line":457,"column":9},"end":{"line":457,"column":27}}},"21":{"name":"(anonymous_21)","line":460,"loc":{"start":{"line":460,"column":70},"end":{"line":460,"column":95}}},"22":{"name":"(anonymous_22)","line":476,"loc":{"start":{"line":476,"column":44},"end":{"line":476,"column":64}}},"23":{"name":"(anonymous_23)","line":497,"loc":{"start":{"line":497,"column":13},"end":{"line":497,"column":31}}},"24":{"name":"(anonymous_24)","line":501,"loc":{"start":{"line":501,"column":65},"end":{"line":501,"column":90}}},"25":{"name":"(anonymous_25)","line":507,"loc":{"start":{"line":507,"column":19},"end":{"line":507,"column":39}}},"26":{"name":"(anonymous_26)","line":519,"loc":{"start":{"line":519,"column":10},"end":{"line":519,"column":28}}},"27":{"name":"(anonymous_27)","line":522,"loc":{"start":{"line":522,"column":45},"end":{"line":522,"column":70}}},"28":{"name":"(anonymous_28)","line":536,"loc":{"start":{"line":536,"column":55},"end":{"line":536,"column":75}}},"29":{"name":"(anonymous_29)","line":560,"loc":{"start":{"line":560,"column":9},"end":{"line":560,"column":27}}},"30":{"name":"(anonymous_30)","line":563,"loc":{"start":{"line":563,"column":70},"end":{"line":563,"column":95}}},"31":{"name":"(anonymous_31)","line":576,"loc":{"start":{"line":576,"column":59},"end":{"line":576,"column":79}}},"32":{"name":"(anonymous_32)","line":592,"loc":{"start":{"line":592,"column":33},"end":{"line":592,"column":53}}},"33":{"name":"(anonymous_33)","line":616,"loc":{"start":{"line":616,"column":11},"end":{"line":616,"column":29}}},"34":{"name":"(anonymous_34)","line":619,"loc":{"start":{"line":619,"column":72},"end":{"line":619,"column":97}}},"35":{"name":"(anonymous_35)","line":625,"loc":{"start":{"line":625,"column":61},"end":{"line":625,"column":81}}},"36":{"name":"(anonymous_36)","line":649,"loc":{"start":{"line":649,"column":20},"end":{"line":649,"column":41}}},"37":{"name":"(anonymous_37)","line":661,"loc":{"start":{"line":661,"column":12},"end":{"line":661,"column":30}}},"38":{"name":"(anonymous_38)","line":664,"loc":{"start":{"line":664,"column":73},"end":{"line":664,"column":98}}},"39":{"name":"(anonymous_39)","line":674,"loc":{"start":{"line":674,"column":61},"end":{"line":674,"column":81}}},"40":{"name":"(anonymous_40)","line":692,"loc":{"start":{"line":692,"column":54},"end":{"line":692,"column":68}}},"41":{"name":"(anonymous_41)","line":716,"loc":{"start":{"line":716,"column":13},"end":{"line":716,"column":34}}}},"statementMap":{"1":{"start":{"line":1,"column":0},"end":{"line":1,"column":26}},"2":{"start":{"line":2,"column":0},"end":{"line":2,"column":49}},"3":{"start":{"line":3,"column":0},"end":{"line":3,"column":43}},"4":{"start":{"line":4,"column":0},"end":{"line":4,"column":51}},"5":{"start":{"line":5,"column":0},"end":{"line":12,"column":2}},"6":{"start":{"line":14,"column":0},"end":{"line":724,"column":2}},"7":{"start":{"line":16,"column":2},"end":{"line":16,"column":37}},"8":{"start":{"line":19,"column":2},"end":{"line":723,"column":4}},"9":{"start":{"line":61,"column":6},"end":{"line":61,"column":28}},"10":{"start":{"line":62,"column":6},"end":{"line":62,"column":17}},"11":{"start":{"line":65,"column":6},"end":{"line":70,"column":7}},"12":{"start":{"line":66,"column":8},"end":{"line":66,"column":47}},"13":{"start":{"line":67,"column":8},"end":{"line":69,"column":9}},"14":{"start":{"line":68,"column":10},"end":{"line":68,"column":39}},"15":{"start":{"line":71,"column":6},"end":{"line":71,"column":34}},"16":{"start":{"line":74,"column":6},"end":{"line":79,"column":7}},"17":{"start":{"line":75,"column":8},"end":{"line":75,"column":45}},"18":{"start":{"line":76,"column":8},"end":{"line":78,"column":9}},"19":{"start":{"line":77,"column":10},"end":{"line":77,"column":38}},"20":{"start":{"line":80,"column":6},"end":{"line":80,"column":30}},"21":{"start":{"line":83,"column":6},"end":{"line":85,"column":7}},"22":{"start":{"line":84,"column":8},"end":{"line":84,"column":28}},"23":{"start":{"line":87,"column":6},"end":{"line":89,"column":7}},"24":{"start":{"line":88,"column":8},"end":{"line":88,"column":34}},"25":{"start":{"line":92,"column":6},"end":{"line":92,"column":40}},"26":{"start":{"line":95,"column":6},"end":{"line":95,"column":28}},"27":{"start":{"line":108,"column":6},"end":{"line":111,"column":7}},"28":{"start":{"line":109,"column":8},"end":{"line":109,"column":34}},"29":{"start":{"line":110,"column":8},"end":{"line":110,"column":22}},"30":{"start":{"line":113,"column":6},"end":{"line":156,"column":7}},"31":{"start":{"line":114,"column":8},"end":{"line":155,"column":9}},"32":{"start":{"line":116,"column":12},"end":{"line":122,"column":15}},"33":{"start":{"line":120,"column":16},"end":{"line":120,"column":64}},"34":{"start":{"line":123,"column":12},"end":{"line":123,"column":18}},"35":{"start":{"line":125,"column":12},"end":{"line":128,"column":15}},"36":{"start":{"line":129,"column":12},"end":{"line":129,"column":18}},"37":{"start":{"line":131,"column":12},"end":{"line":137,"column":15}},"38":{"start":{"line":135,"column":16},"end":{"line":135,"column":64}},"39":{"start":{"line":138,"column":12},"end":{"line":138,"column":18}},"40":{"start":{"line":142,"column":12},"end":{"line":142,"column":53}},"41":{"start":{"line":143,"column":12},"end":{"line":150,"column":13}},"42":{"start":{"line":145,"column":16},"end":{"line":145,"column":41}},"43":{"start":{"line":146,"column":16},"end":{"line":146,"column":22}},"44":{"start":{"line":148,"column":16},"end":{"line":148,"column":41}},"45":{"start":{"line":149,"column":16},"end":{"line":149,"column":22}},"46":{"start":{"line":151,"column":12},"end":{"line":151,"column":18}},"47":{"start":{"line":153,"column":12},"end":{"line":153,"column":68}},"48":{"start":{"line":154,"column":12},"end":{"line":154,"column":18}},"49":{"start":{"line":158,"column":6},"end":{"line":158,"column":13}},"50":{"start":{"line":170,"column":6},"end":{"line":170,"column":30}},"51":{"start":{"line":171,"column":6},"end":{"line":171,"column":13}},"52":{"start":{"line":181,"column":6},"end":{"line":183,"column":7}},"53":{"start":{"line":182,"column":8},"end":{"line":182,"column":21}},"54":{"start":{"line":186,"column":6},"end":{"line":188,"column":7}},"55":{"start":{"line":187,"column":8},"end":{"line":187,"column":23}},"56":{"start":{"line":191,"column":6},"end":{"line":191,"column":78}},"57":{"start":{"line":192,"column":6},"end":{"line":192,"column":48}},"58":{"start":{"line":195,"column":6},"end":{"line":200,"column":7}},"59":{"start":{"line":196,"column":8},"end":{"line":196,"column":46}},"60":{"start":{"line":198,"column":11},"end":{"line":200,"column":7}},"61":{"start":{"line":199,"column":8},"end":{"line":199,"column":58}},"62":{"start":{"line":202,"column":6},"end":{"line":207,"column":7}},"63":{"start":{"line":203,"column":8},"end":{"line":203,"column":44}},"64":{"start":{"line":205,"column":11},"end":{"line":207,"column":7}},"65":{"start":{"line":206,"column":8},"end":{"line":206,"column":56}},"66":{"start":{"line":210,"column":6},"end":{"line":218,"column":9}},"67":{"start":{"line":211,"column":8},"end":{"line":211,"column":75}},"68":{"start":{"line":213,"column":8},"end":{"line":217,"column":10}},"69":{"start":{"line":216,"column":64},"end":{"line":216,"column":78}},"70":{"start":{"line":221,"column":6},"end":{"line":221,"column":27}},"71":{"start":{"line":231,"column":6},"end":{"line":238,"column":25}},"72":{"start":{"line":249,"column":6},"end":{"line":256,"column":7}},"73":{"start":{"line":250,"column":8},"end":{"line":255,"column":9}},"74":{"start":{"line":252,"column":12},"end":{"line":252,"column":22}},"75":{"start":{"line":254,"column":12},"end":{"line":254,"column":24}},"76":{"start":{"line":257,"column":6},"end":{"line":257,"column":59}},"77":{"start":{"line":267,"column":6},"end":{"line":267,"column":25}},"78":{"start":{"line":270,"column":6},"end":{"line":270,"column":85}},"79":{"start":{"line":273,"column":6},"end":{"line":346,"column":20}},"80":{"start":{"line":276,"column":8},"end":{"line":276,"column":73}},"81":{"start":{"line":279,"column":8},"end":{"line":279,"column":71}},"82":{"start":{"line":280,"column":8},"end":{"line":342,"column":9}},"83":{"start":{"line":283,"column":10},"end":{"line":341,"column":11}},"84":{"start":{"line":286,"column":12},"end":{"line":332,"column":13}},"85":{"start":{"line":289,"column":14},"end":{"line":289,"column":63}},"86":{"start":{"line":290,"column":14},"end":{"line":290,"column":31}},"87":{"start":{"line":291,"column":14},"end":{"line":297,"column":15}},"88":{"start":{"line":292,"column":16},"end":{"line":292,"column":64}},"89":{"start":{"line":295,"column":16},"end":{"line":295,"column":33}},"90":{"start":{"line":296,"column":16},"end":{"line":296,"column":29}},"91":{"start":{"line":298,"column":14},"end":{"line":300,"column":15}},"92":{"start":{"line":299,"column":16},"end":{"line":299,"column":47}},"93":{"start":{"line":301,"column":14},"end":{"line":301,"column":21}},"94":{"start":{"line":305,"column":14},"end":{"line":307,"column":15}},"95":{"start":{"line":306,"column":16},"end":{"line":306,"column":44}},"96":{"start":{"line":309,"column":14},"end":{"line":328,"column":15}},"97":{"start":{"line":310,"column":16},"end":{"line":310,"column":79}},"98":{"start":{"line":311,"column":16},"end":{"line":311,"column":81}},"99":{"start":{"line":312,"column":16},"end":{"line":312,"column":32}},"100":{"start":{"line":315,"column":19},"end":{"line":328,"column":15}},"101":{"start":{"line":316,"column":16},"end":{"line":316,"column":41}},"102":{"start":{"line":317,"column":16},"end":{"line":321,"column":19}},"103":{"start":{"line":318,"column":18},"end":{"line":320,"column":27}},"104":{"start":{"line":325,"column":16},"end":{"line":327,"column":26}},"105":{"start":{"line":330,"column":14},"end":{"line":330,"column":68}},"106":{"start":{"line":331,"column":14},"end":{"line":331,"column":21}},"107":{"start":{"line":336,"column":12},"end":{"line":338,"column":22}},"108":{"start":{"line":339,"column":12},"end":{"line":339,"column":43}},"109":{"start":{"line":340,"column":12},"end":{"line":340,"column":19}},"110":{"start":{"line":345,"column":8},"end":{"line":345,"column":39}},"111":{"start":{"line":349,"column":6},"end":{"line":349,"column":23}},"112":{"start":{"line":358,"column":6},"end":{"line":358,"column":56}},"113":{"start":{"line":359,"column":6},"end":{"line":359,"column":33}},"114":{"start":{"line":360,"column":6},"end":{"line":450,"column":43}},"115":{"start":{"line":362,"column":8},"end":{"line":362,"column":32}},"116":{"start":{"line":365,"column":8},"end":{"line":365,"column":48}},"117":{"start":{"line":365,"column":32},"end":{"line":365,"column":46}},"118":{"start":{"line":368,"column":8},"end":{"line":368,"column":47}},"119":{"start":{"line":371,"column":8},"end":{"line":371,"column":72}},"120":{"start":{"line":372,"column":8},"end":{"line":372,"column":49}},"121":{"start":{"line":375,"column":8},"end":{"line":449,"column":22}},"122":{"start":{"line":376,"column":10},"end":{"line":379,"column":11}},"123":{"start":{"line":377,"column":12},"end":{"line":377,"column":29}},"124":{"start":{"line":378,"column":12},"end":{"line":378,"column":85}},"125":{"start":{"line":382,"column":10},"end":{"line":382,"column":46}},"126":{"start":{"line":383,"column":10},"end":{"line":386,"column":13}},"127":{"start":{"line":384,"column":12},"end":{"line":384,"column":40}},"128":{"start":{"line":385,"column":12},"end":{"line":385,"column":73}},"129":{"start":{"line":389,"column":10},"end":{"line":392,"column":11}},"130":{"start":{"line":390,"column":12},"end":{"line":390,"column":48}},"131":{"start":{"line":391,"column":12},"end":{"line":391,"column":93}},"132":{"start":{"line":395,"column":10},"end":{"line":398,"column":12}},"133":{"start":{"line":401,"column":10},"end":{"line":404,"column":11}},"134":{"start":{"line":402,"column":12},"end":{"line":402,"column":45}},"135":{"start":{"line":403,"column":12},"end":{"line":403,"column":43}},"136":{"start":{"line":407,"column":10},"end":{"line":412,"column":51}},"137":{"start":{"line":415,"column":10},"end":{"line":415,"column":61}},"138":{"start":{"line":416,"column":10},"end":{"line":419,"column":11}},"139":{"start":{"line":417,"column":12},"end":{"line":417,"column":49}},"140":{"start":{"line":418,"column":12},"end":{"line":418,"column":53}},"141":{"start":{"line":421,"column":10},"end":{"line":448,"column":11}},"142":{"start":{"line":427,"column":14},"end":{"line":437,"column":15}},"143":{"start":{"line":428,"column":16},"end":{"line":428,"column":33}},"144":{"start":{"line":429,"column":16},"end":{"line":429,"column":38}},"145":{"start":{"line":431,"column":16},"end":{"line":434,"column":17}},"146":{"start":{"line":432,"column":18},"end":{"line":432,"column":110}},"147":{"start":{"line":433,"column":18},"end":{"line":433,"column":43}},"148":{"start":{"line":436,"column":16},"end":{"line":436,"column":89}},"149":{"start":{"line":439,"column":14},"end":{"line":439,"column":33}},"150":{"start":{"line":440,"column":14},"end":{"line":446,"column":16}},"151":{"start":{"line":451,"column":6},"end":{"line":451,"column":18}},"152":{"start":{"line":458,"column":6},"end":{"line":458,"column":54}},"153":{"start":{"line":459,"column":6},"end":{"line":459,"column":31}},"154":{"start":{"line":460,"column":6},"end":{"line":489,"column":43}},"155":{"start":{"line":462,"column":8},"end":{"line":462,"column":30}},"156":{"start":{"line":464,"column":8},"end":{"line":466,"column":9}},"157":{"start":{"line":465,"column":10},"end":{"line":465,"column":24}},"158":{"start":{"line":468,"column":8},"end":{"line":468,"column":49}},"159":{"start":{"line":469,"column":8},"end":{"line":469,"column":59}},"160":{"start":{"line":471,"column":8},"end":{"line":488,"column":10}},"161":{"start":{"line":477,"column":12},"end":{"line":477,"column":94}},"162":{"start":{"line":477,"column":21},"end":{"line":477,"column":94}},"163":{"start":{"line":478,"column":12},"end":{"line":478,"column":84}},"164":{"start":{"line":478,"column":23},"end":{"line":478,"column":84}},"165":{"start":{"line":480,"column":12},"end":{"line":486,"column":14}},"166":{"start":{"line":490,"column":6},"end":{"line":490,"column":18}},"167":{"start":{"line":498,"column":6},"end":{"line":498,"column":58}},"168":{"start":{"line":499,"column":6},"end":{"line":499,"column":35}},"169":{"start":{"line":500,"column":6},"end":{"line":500,"column":73}},"170":{"start":{"line":501,"column":6},"end":{"line":512,"column":43}},"171":{"start":{"line":503,"column":8},"end":{"line":503,"column":34}},"172":{"start":{"line":505,"column":8},"end":{"line":505,"column":48}},"173":{"start":{"line":505,"column":32},"end":{"line":505,"column":46}},"174":{"start":{"line":506,"column":8},"end":{"line":506,"column":35}},"175":{"start":{"line":507,"column":8},"end":{"line":511,"column":22}},"176":{"start":{"line":508,"column":10},"end":{"line":508,"column":81}},"177":{"start":{"line":508,"column":19},"end":{"line":508,"column":81}},"178":{"start":{"line":509,"column":10},"end":{"line":509,"column":71}},"179":{"start":{"line":509,"column":21},"end":{"line":509,"column":71}},"180":{"start":{"line":510,"column":10},"end":{"line":510,"column":72}},"181":{"start":{"line":513,"column":6},"end":{"line":513,"column":18}},"182":{"start":{"line":520,"column":6},"end":{"line":520,"column":55}},"183":{"start":{"line":521,"column":6},"end":{"line":521,"column":32}},"184":{"start":{"line":522,"column":6},"end":{"line":553,"column":54}},"185":{"start":{"line":524,"column":8},"end":{"line":524,"column":31}},"186":{"start":{"line":526,"column":8},"end":{"line":529,"column":9}},"187":{"start":{"line":527,"column":10},"end":{"line":527,"column":42}},"188":{"start":{"line":528,"column":10},"end":{"line":528,"column":24}},"189":{"start":{"line":531,"column":8},"end":{"line":552,"column":10}},"190":{"start":{"line":537,"column":12},"end":{"line":540,"column":13}},"191":{"start":{"line":538,"column":14},"end":{"line":538,"column":30}},"192":{"start":{"line":539,"column":14},"end":{"line":539,"column":87}},"193":{"start":{"line":542,"column":12},"end":{"line":542,"column":29}},"194":{"start":{"line":544,"column":12},"end":{"line":550,"column":14}},"195":{"start":{"line":554,"column":6},"end":{"line":554,"column":18}},"196":{"start":{"line":561,"column":6},"end":{"line":561,"column":54}},"197":{"start":{"line":562,"column":6},"end":{"line":562,"column":31}},"198":{"start":{"line":563,"column":6},"end":{"line":609,"column":43}},"199":{"start":{"line":565,"column":8},"end":{"line":565,"column":30}},"200":{"start":{"line":567,"column":8},"end":{"line":570,"column":9}},"201":{"start":{"line":568,"column":10},"end":{"line":568,"column":41}},"202":{"start":{"line":569,"column":10},"end":{"line":569,"column":24}},"203":{"start":{"line":573,"column":8},"end":{"line":573,"column":45}},"204":{"start":{"line":574,"column":8},"end":{"line":574,"column":49}},"205":{"start":{"line":576,"column":8},"end":{"line":608,"column":22}},"206":{"start":{"line":577,"column":10},"end":{"line":580,"column":11}},"207":{"start":{"line":578,"column":12},"end":{"line":578,"column":27}},"208":{"start":{"line":579,"column":12},"end":{"line":579,"column":85}},"209":{"start":{"line":581,"column":10},"end":{"line":584,"column":11}},"210":{"start":{"line":582,"column":12},"end":{"line":582,"column":110}},"211":{"start":{"line":583,"column":12},"end":{"line":583,"column":73}},"212":{"start":{"line":586,"column":10},"end":{"line":586,"column":27}},"213":{"start":{"line":587,"column":10},"end":{"line":607,"column":12}},"214":{"start":{"line":593,"column":14},"end":{"line":596,"column":15}},"215":{"start":{"line":594,"column":16},"end":{"line":594,"column":31}},"216":{"start":{"line":595,"column":16},"end":{"line":595,"column":89}},"217":{"start":{"line":598,"column":14},"end":{"line":598,"column":46}},"218":{"start":{"line":599,"column":14},"end":{"line":605,"column":16}},"219":{"start":{"line":610,"column":6},"end":{"line":610,"column":18}},"220":{"start":{"line":617,"column":6},"end":{"line":617,"column":56}},"221":{"start":{"line":618,"column":6},"end":{"line":618,"column":33}},"222":{"start":{"line":619,"column":6},"end":{"line":654,"column":43}},"223":{"start":{"line":621,"column":8},"end":{"line":621,"column":32}},"224":{"start":{"line":623,"column":8},"end":{"line":623,"column":48}},"225":{"start":{"line":623,"column":32},"end":{"line":623,"column":46}},"226":{"start":{"line":624,"column":8},"end":{"line":624,"column":49}},"227":{"start":{"line":625,"column":8},"end":{"line":653,"column":22}},"228":{"start":{"line":626,"column":10},"end":{"line":626,"column":81}},"229":{"start":{"line":626,"column":19},"end":{"line":626,"column":81}},"230":{"start":{"line":627,"column":10},"end":{"line":627,"column":83}},"231":{"start":{"line":627,"column":21},"end":{"line":627,"column":83}},"232":{"start":{"line":628,"column":10},"end":{"line":628,"column":33}},"233":{"start":{"line":629,"column":10},"end":{"line":648,"column":11}},"234":{"start":{"line":630,"column":12},"end":{"line":644,"column":13}},"235":{"start":{"line":631,"column":14},"end":{"line":631,"column":37}},"236":{"start":{"line":632,"column":14},"end":{"line":643,"column":15}},"237":{"start":{"line":633,"column":16},"end":{"line":633,"column":76}},"238":{"start":{"line":634,"column":16},"end":{"line":642,"column":17}},"239":{"start":{"line":635,"column":18},"end":{"line":641,"column":27}},"240":{"start":{"line":645,"column":12},"end":{"line":645,"column":49}},"241":{"start":{"line":647,"column":12},"end":{"line":647,"column":95}},"242":{"start":{"line":647,"column":21},"end":{"line":647,"column":95}},"243":{"start":{"line":649,"column":10},"end":{"line":652,"column":24}},"244":{"start":{"line":650,"column":12},"end":{"line":650,"column":83}},"245":{"start":{"line":650,"column":21},"end":{"line":650,"column":83}},"246":{"start":{"line":651,"column":12},"end":{"line":651,"column":74}},"247":{"start":{"line":655,"column":6},"end":{"line":655,"column":18}},"248":{"start":{"line":662,"column":6},"end":{"line":662,"column":57}},"249":{"start":{"line":663,"column":6},"end":{"line":663,"column":34}},"250":{"start":{"line":664,"column":6},"end":{"line":709,"column":43}},"251":{"start":{"line":666,"column":8},"end":{"line":666,"column":33}},"252":{"start":{"line":668,"column":8},"end":{"line":671,"column":9}},"253":{"start":{"line":669,"column":10},"end":{"line":669,"column":44}},"254":{"start":{"line":670,"column":10},"end":{"line":670,"column":24}},"255":{"start":{"line":673,"column":8},"end":{"line":673,"column":49}},"256":{"start":{"line":674,"column":8},"end":{"line":708,"column":22}},"257":{"start":{"line":675,"column":10},"end":{"line":678,"column":11}},"258":{"start":{"line":676,"column":12},"end":{"line":676,"column":30}},"259":{"start":{"line":677,"column":12},"end":{"line":677,"column":85}},"260":{"start":{"line":679,"column":10},"end":{"line":682,"column":11}},"261":{"start":{"line":680,"column":12},"end":{"line":680,"column":113}},"262":{"start":{"line":681,"column":12},"end":{"line":681,"column":85}},"263":{"start":{"line":683,"column":10},"end":{"line":685,"column":11}},"264":{"start":{"line":684,"column":12},"end":{"line":684,"column":100}},"265":{"start":{"line":687,"column":10},"end":{"line":707,"column":12}},"266":{"start":{"line":693,"column":14},"end":{"line":696,"column":15}},"267":{"start":{"line":694,"column":16},"end":{"line":694,"column":34}},"268":{"start":{"line":695,"column":16},"end":{"line":695,"column":89}},"269":{"start":{"line":698,"column":14},"end":{"line":698,"column":33}},"270":{"start":{"line":699,"column":14},"end":{"line":705,"column":16}},"271":{"start":{"line":710,"column":6},"end":{"line":710,"column":18}},"272":{"start":{"line":717,"column":6},"end":{"line":717,"column":39}},"273":{"start":{"line":718,"column":6},"end":{"line":720,"column":7}},"274":{"start":{"line":719,"column":8},"end":{"line":719,"column":52}},"275":{"start":{"line":721,"column":6},"end":{"line":721,"column":28}}},"branchMap":{"1":{"line":65,"type":"if","locations":[{"start":{"line":65,"column":6},"end":{"line":65,"column":6}},{"start":{"line":65,"column":6},"end":{"line":65,"column":6}}]},"2":{"line":65,"type":"binary-expr","locations":[{"start":{"line":65,"column":10},"end":{"line":65,"column":17}},{"start":{"line":65,"column":21},"end":{"line":65,"column":35}}]},"3":{"line":74,"type":"if","locations":[{"start":{"line":74,"column":6},"end":{"line":74,"column":6}},{"start":{"line":74,"column":6},"end":{"line":74,"column":6}}]},"4":{"line":74,"type":"binary-expr","locations":[{"start":{"line":74,"column":10},"end":{"line":74,"column":17}},{"start":{"line":74,"column":21},"end":{"line":74,"column":34}}]},"5":{"line":83,"type":"if","locations":[{"start":{"line":83,"column":6},"end":{"line":83,"column":6}},{"start":{"line":83,"column":6},"end":{"line":83,"column":6}}]},"6":{"line":87,"type":"if","locations":[{"start":{"line":87,"column":6},"end":{"line":87,"column":6}},{"start":{"line":87,"column":6},"end":{"line":87,"column":6}}]},"7":{"line":108,"type":"if","locations":[{"start":{"line":108,"column":6},"end":{"line":108,"column":6}},{"start":{"line":108,"column":6},"end":{"line":108,"column":6}}]},"8":{"line":108,"type":"binary-expr","locations":[{"start":{"line":108,"column":10},"end":{"line":108,"column":24}},{"start":{"line":108,"column":28},"end":{"line":108,"column":42}},{"start":{"line":108,"column":46},"end":{"line":108,"column":61}}]},"9":{"line":113,"type":"if","locations":[{"start":{"line":113,"column":6},"end":{"line":113,"column":6}},{"start":{"line":113,"column":6},"end":{"line":113,"column":6}}]},"10":{"line":114,"type":"switch","locations":[{"start":{"line":115,"column":10},"end":{"line":123,"column":18}},{"start":{"line":124,"column":10},"end":{"line":129,"column":18}},{"start":{"line":130,"column":10},"end":{"line":138,"column":18}},{"start":{"line":139,"column":10},"end":{"line":151,"column":18}},{"start":{"line":152,"column":10},"end":{"line":154,"column":18}}]},"11":{"line":143,"type":"switch","locations":[{"start":{"line":144,"column":14},"end":{"line":146,"column":22}},{"start":{"line":147,"column":14},"end":{"line":149,"column":22}}]},"12":{"line":181,"type":"if","locations":[{"start":{"line":181,"column":6},"end":{"line":181,"column":6}},{"start":{"line":181,"c
[...]
103,"column":8},"end":{"line":106,"column":12}},{"start":{"line":107,"column":8},"end":{"line":110,"column":12}}]},"14":{"line":114,"type":"switch","locations":[{"start":{"line":115,"column":6},"end":{"line":118,"column":10}},{"start":{"line":119,"column":6},"end":{"line":123,"column":10}},{"start":{"line":124,"column":6},"end":{"line":128,"column":10}},{"start":{"line":129,"column":6},"end":{"line":132,"column":10}},{"start":{"line":133,"column":6},"end":{"line":134,"column":14}},{"start":{"line":135,"column":6},"end":{"line":136,"column":20}}]},"15":{"line":139,"type":"if","locations":[{"start":{"line":139,"column":4},"end":{"line":139,"column":4}},{"start":{"line":139,"column":4},"end":{"line":139,"column":4}}]},"16":{"line":158,"type":"if","locations":[{"start":{"line":158,"column":6},"end":{"line":158,"column":6}},{"start":{"line":158,"column":6},"end":{"line":158,"column":6}}]},"17":{"line":158,"type":"binary-expr","locations":[{"start":{"line":158,"column":10},"end":{"line":158,"column":36}},{"start":{"line":158,"column":40},"end":{"line":158,"column":48}}]},"18":{"line":161,"type":"if","locations":[{"start":{"line":161,"column":8},"end":{"line":161,"column":8}},{"start":{"line":161,"column":8},"end":{"line":161,"column":8}}]},"19":{"line":166,"type":"if","locations":[{"start":{"line":166,"column":8},"end":{"line":166,"column":8}},{"start":{"line":166,"column":8},"end":{"line":166,"column":8}}]},"20":{"line":171,"type":"if","locations":[{"start":{"line":171,"column":8},"end":{"line":171,"column":8}},{"start":{"line":171,"column":8},"end":{"line":171,"column":8}}]},"21":{"line":176,"type":"if","locations":[{"start":{"line":176,"column":8},"end":{"line":176,"column":8}},{"start":{"line":176,"column":8},"end":{"line":176,"column":8}}]},"22":{"line":176,"type":"binary-expr","locations":[{"start":{"line":176,"column":12},"end":{"line":176,"column":27}},{"start":{"line":176,"column":31},"end":{"line":176,"column":57}}]},"23":{"line":181,"type":"if","locations":[{"start":{"line":181,"column":8},"end":{"line":181,"column":8}},{"start":{"line":181,"column":8},"end":{"line":181,"column":8}}]},"24":{"line":181,"type":"binary-expr","locations":[{"start":{"line":181,"column":12},"end":{"line":181,"column":36}},{"start":{"line":181,"column":40},"end":{"line":181,"column":64}}]},"25":{"line":185,"type":"if","locations":[{"start":{"line":185,"column":8},"end":{"line":185,"column":8}},{"start":{"line":185,"column":8},"end":{"line":185,"column":8}}]},"26":{"line":189,"type":"if","locations":[{"start":{"line":189,"column":8},"end":{"line":189,"column":8}},{"start":{"line":189,"column":8},"end":{"line":189,"column":8}}]},"27":{"line":193,"type":"if","locations":[{"start":{"line":193,"column":8},"end":{"line":193,"column":8}},{"start":{"line":193,"column":8},"end":{"line":193,"column":8}}]},"28":{"line":193,"type":"binary-expr","locations":[{"start":{"line":193,"column":12},"end":{"line":193,"column":26}},{"start":{"line":193,"column":30},"end":{"line":193,"column":44}}]},"29":{"line":201,"type":"if","locations":[{"start":{"line":201,"column":8},"end":{"line":201,"column":8}},{"start":{"line":201,"column":8},"end":{"line":201,"column":8}}]},"30":{"line":240,"type":"if","locations":[{"start":{"line":240,"column":2},"end":{"line":240,"column":2}},{"start":{"line":240,"column":2},"end":{"line":240,"column":2}}]},"31":{"line":240,"type":"binary-expr","locations":[{"start":{"line":240,"column":6},"end":{"line":240,"column":35}},{"start":{"line":240,"column":39},"end":{"line":240,"column":67}}]},"32":{"line":243,"type":"if","locations":[{"start":{"line":243,"column":2},"end":{"line":243,"column":2}},{"start":{"line":243,"column":2},"end":{"line":243,"column":2}}]},"33":{"line":317,"type":"if","locations":[{"start":{"line":317,"column":2},"end":{"line":317,"column":2}},{"start":{"line":317,"column":2},"end":{"line":317,"column":2}}]},"34":{"line":351,"type":"if","locations":[{"start":{"line":351,"column":2},"end":{"line":351,"column":2}},{"start":{"line":351,"column":2},"end":{"line":351,"column":2}}]},"35":{"line":351,"type":"binary-expr","locations":[{"start":{"line":351,"column":6},"end":{"line":351,"column":33}},{"start":{"line":352,"column":4},"end":{"line":352,"column":31}},{"start":{"line":353,"column":4},"end":{"line":353,"column":34}}]},"36":{"line":356,"type":"if","locations":[{"start":{"line":356,"column":2},"end":{"line":356,"column":2}},{"start":{"line":356,"column":2},"end":{"line":356,"column":2}}]},"37":{"line":394,"type":"if","locations":[{"start":{"line":394,"column":2},"end":{"line":394,"column":2}},{"start":{"line":394,"column":2},"end":{"line":394,"column":2}}]},"38":{"line":444,"type":"if","locations":[{"start":{"line":444,"column":2},"end":{"line":444,"column":2}},{"start":{"line":444,"column":2},"end":{"line":444,"column":2}}]}},"code":["var _ = require('lodash');","var mongoose = require('mongoose');","module.exports = function(resource) {","","  var fixNestedRoutes = function(resource) {","    routeParts = resource.route.split('/');","    for (i=0;i<routeParts.length;i++) {","      if (routeParts[i].charAt(0) == ':') {","        routeParts[i] = '{' + routeParts[i].slice(1) + '}'","      }","    }","    resource.routeFixed = routeParts.join('/');","    return resource","  };","  resource = fixNestedRoutes(resource);","","  var addNestedIdParameter = function(resource, parameters) {","    if (resource && resource.route && resource.route.includes(\"/:\")) {","      if (resource.route.match(/:(.+)\\//).length >= 1 && resource.route.match(/^\\/(.+)\\/\\:/).length >= 1) {","","        idName = resource.route.match(/:(.+)\\//)[1];","        primaryModel = resource.route.match(/^\\/(.+)\\/\\:/)[1];","","        parameters.push({","          in: 'path',","          name: idName,","          description: 'The parent model of ' + resource.modelName + ': ' + primaryModel,","          required: true,","          type: 'string'","        })","      }","    }","  };","  /**","   * Converts a Mongoose property to a Swagger property.","   *","   * @param options","   * @returns {*}","   */","  var getProperty = function(path, name) {","","    var options = path.options;","","    // Convert to the proper format if needed.","    if (!options.hasOwnProperty('type')) options = {type: options};","","    // If no type, then return null.","    if (!options.type) {","      return null;","    }","","    // If this is an array, then return the array with items.","    if (Array.isArray(options.type)) {","      if (options.type[0].hasOwnProperty('paths')) {","        return {","          type: 'array',","          title: name,","          items: {","            $ref: '#/definitions/' + name","          },","          definitions: getModel(options.type[0], name)","        };","      }","      return {","        type: 'array',","        items: {","          type: 'string',","        }","      };","    }","    // For embedded schemas:","    if (options.type.constructor.name === 'Schema') {","      if (options.type.hasOwnProperty('paths')) {","        return {","          $ref: '#/definitions/' + name,","          definitions: getModel(options.type, name)","        };","      }","    }","    if (typeof options.type === 'function') {","      var functionName = options.type.toString();","      functionName = functionName.substr('function '.length);","      functionName = functionName.substr(0, functionName.indexOf('('));","","      switch (functionName) {","        case 'ObjectId':","          return {","            'type': 'string',","            'description': 'ObjectId'","          };","        case 'Oid':","          return {","            'type': 'string',","            'description': 'Oid'","          };","        case 'Array':","          return {","            type: 'array',","            items: {","              type: 'string'","            }","          };","        case 'Mixed':","          return {","            type: 'object'","          };","        case 'Buffer':","          return {","            type: 'string'","          };","      }","    }","","    switch(options.type) {","      case String:","        return {","          type: 'string'","        };","      case Number:","        return {","          type: 'integer',","          format: 'int64'","        };","      case Date:","        return {","          type: 'string',","          format: 'date'","        };","      case Boolean:","        return {","          type: 'boolean'","        };","      case Function:","        break;","      case Object:","        return null;","    }","","    if (options.type instanceof Object) return null;","    throw new Error('Unrecognized type: ' + options.type);","  };","","  var getModel = function(schema, modelName) {","    // Define the definition structure.","    var definitions = {};","","    definitions[modelName] = {","//      required: [],","      title: modelName,","      properties: {},","    };","","    // Iterate through each model schema path.","    _.each(schema.paths, function(path, name) {","","      // Set the property for the swagger model.","      var property = getProperty(path, name);","      if (name.substr(0, 2) !== '__' && property) {","","        // Add the description if they provided it.","        if (path.options.description) {","          property.description = path.options.description;","        }","","        // Add the example if they provided it.","        if (path.options.example) {","          property.example = path.options.example;","        }","","        // Add the required params if needed.","        if (path.options.required) {","//          definition.required.push(name);","        }","","        // Set enum values if applicable","        if (path.enumValues && path.enumValues.length > 0) {","          property.allowableValues = { valueType: 'LIST', values: path.enumValues };","        }","","        // Set allowable values range if min or max is present","        if (!isNaN(path.options.min) || !isNaN(path.options.max)) {","          property.allowableValues = { valueType: 'RANGE' };","        }","","        if (!isNaN(path.options.min)) {","          property.allowableValues.min = path.options.min;","        }","","        if (!isNaN(path.options.max)) {","          property.allowableValues.max = path.options.max;","        }","","        if (!property.type && !property.$ref) {","          console.log('Warning: That field type is not yet supported in Swagger definitions, using \"string\"');","          console.log('Path name: %s.%s', definition.id, name);","          console.log('Mongoose type: %s', path.options.type);","          property.type = 'string';","        }","","        // Allow properties to pass back additional definitions.","        if (property.definitions) {","          definitions = _.merge(definitions, property.definitions);","          delete property.definitions;","        }","","        // Add this property to the definition.","        definitions[modelName].properties[name] = property;","      }","    });","","    return definitions;","  };","","","  // Build and return a Swagger definition for this model.","","  var listPath = resource.routeFixed;","  var itemPath = listPath + '/{' + resource.modelName + 'Id}';","  bodyDefinitions = getModel(resource.model.schema, resource.modelName);","","  var swagger = {","    definitions: {},","    paths: {}","  };","","  // Build Swagger definitions.","  swagger.definitions = _.merge(swagger.definitions, bodyDefinitions);","  swagger.definitions[resource.modelName + 'List'] = {","    type: 'array',","      items: {","        $ref: '#/definitions/' + resource.modelName,","      }","  };","","  // Build Swagger paths","  var methods = resource.methods;","","","  // INDEX and POST listPath","  if (methods.indexOf('index') > -1 || methods.indexOf('post') > -1) swagger.paths[listPath] = {};","","  // INDEX of listPath","  if (methods.indexOf('index') > -1) {","    swagger.paths[listPath].get = {","      tags: [resource.name],","      summary: 'List multiple ' + resource.modelName + ' resources.',","      description: 'This operation allows you to list and search for ' + resource.modelName + ' resources provided query arguments.',","      operationId: 'get' + resource.modelName + 's',","      responses: {","        401: {","          description: 'Unauthorized.'","        },","        200: {","          description: 'Resource(s) found.  Returned as array.',","          schema: {","            $ref: \"#/definitions/\" + resource.modelName + \"List\"","          }","        }","      },","      parameters: [","        {","          name: 'skip',","          in: 'query',","          description: 'How many records to skip when listing. Used for pagination.',","          required: false,","          type: 'integer',","          default: 0","        },","        {","          name: 'limit',","          in: 'query',","          description: 'How many records to limit the output.',","          required: false,","          type: 'integer',","          default: 10","        },","        //{","        //  name: 'count',","        //  in: 'query',","        //  description: 'Set to true to return the number of records instead of the documents.',","        //  type: 'boolean',","        //  required: false,","        //  default: false","        //},","        {","          name: 'sort',","          in: 'query',","          description: 'Which fields to sort the records on.',","          type: 'string',","          required: false,","          default: ''","        },","        {","          name: 'select',","          in: 'query',","          description: 'Select which fields will be returned by the query.',","          type: 'string',","          required: false,","          default: ''","        },","        {","          name: 'populate',","          in: 'query',","          description: 'Select which fields will be fully populated with the reference.',","          type: 'string',","          required: false,","          default: ''","        }","      ]","","    };","    addNestedIdParameter(resource, swagger.paths[listPath].get.parameters)","","  }","","  // POST listPath.","  if (methods.indexOf('post') > -1) {","    swagger.paths[listPath].post = {","      tags: [resource.name],","      summary: 'Create a new ' + resource.modelName,","      description: 'Create a new ' + resource.modelName,","      operationId: 'create' + resource.modelName,","      responses: {","        401: {","          description: 'Unauthorized.  Note that anonymous submissions are *enabled* by default.'","        },","        400: {","          description: 'An error has occured trying to create the resource.'","        },","        201: {","          description: 'The resource has been created.'","        }","      },","      parameters: [","        {","          in: 'body',","          name: 'body',","          description: 'Data used to create a new ' + resource.modelName,","          required: true,","          schema: {","            $ref: \"#/definitions/\" + resource.modelName","          }","        }","      ]","    };","    addNestedIdParameter(resource, swagger.paths[listPath].post.parameters)","","  }","","  // The resource path for this resource.","  if (methods.indexOf('get') > -1 ||","    methods.indexOf('put') > -1 ||","    methods.indexOf('delete') > -1) swagger.paths[itemPath] = {};","","  // GET itemPath.","  if (methods.indexOf('get') > -1) {","    swagger.paths[itemPath].get = {","      tags: [resource.name],","      summary: 'Return a specific ' + resource.name + ' instance.',","      description: 'Return a specific ' + resource.name + ' instance.',","      operationId: 'get' + resource.modelName,","      responses: {","        500: {","          description: 'An error has occurred.'","        },","        404: {","          description: 'Resource not found'","        },","        401: {","          description: 'Unauthorized.'","        },","        200: {","          description: 'Resource found',","          schema: {","            $ref: \"#/definitions/\" + resource.modelName","          }","        }","      },","      parameters: [","        {","          name: resource.modelName + 'Id',","          in: 'path',","          description: 'The ID of the ' + resource.name + ' that will be retrieved.',","          required: true,","          type: 'string'","        }","      ]","    };","    addNestedIdParameter(resource, swagger.paths[itemPath].get.parameters)","","  }","","  // PUT itemPath","  if (methods.indexOf('put') > -1) {","    swagger.paths[itemPath].put = {","      tags: [resource.name],","      summary: 'Update a specific ' + resource.name + ' instance.',","      description: 'Update a specific ' + resource.name + ' instance.',","      operationId: 'update' + resource.modelName,","      responses: {","        500: {","          description: 'An error has occurred.'","        },","        404: {","          description: 'Resource not found'","        },","        401: {","          description: 'Unauthorized.'","        },","        400: {","          description: 'Resource could not be updated.'","        },","        200: {","          description: 'Resource updated',","          schema: {","            $ref: \"#/definitions/\" + resource.modelName","          }","        }","      },","      parameters: [","        {","          name: resource.modelName + 'Id',","          in: 'path',","          description: 'The ID of the ' + resource.name + ' that will be updated.',","          required: true,","          type: 'string'","        },","        {","          in: 'body',","          name: 'body',","          description: 'Data used to update ' + resource.modelName,","          required: true,","          schema: {","            $ref: \"#/definitions/\" + resource.modelName","          }","        }","      ]","    };","    addNestedIdParameter(resource, swagger.paths[itemPath].put.parameters)","","  }","","  // DELETE itemPath","  if (methods.indexOf('delete') > -1) {","    swagger.paths[itemPath].delete = {","      tags: [resource.name],","      summary: 'Delete a specific ' + resource.name,","      description: 'Delete a specific ' + resource.name,","      operationId: 'delete' + resource.modelName,","      responses: {","        500: {","          description: 'An error has occurred.'","        },","        404: {","          description: 'Resource not found'","        },","        401: {","          description: 'Unauthorized.'","        },","        400: {","          description: 'Resource could not be deleted.'","        },","        204: {","          description: 'Resource was deleted'","        }","      },","      parameters: [","        {","          name: resource.modelName + 'Id',","          in: 'path',","          description: 'The ID of the ' + resource.name + ' that will be deleted.',","          required: true,","          type: 'string'","        }","      ]","    };","    addNestedIdParameter(resource, swagger.paths[itemPath].delete.parameters)","","  }","","  // Return the swagger definition for this resource.","  return swagger;","};",""],"l":{"1":1,"2":1,"3":1,"5":0,"6":0,"7":0,"8":0,"9":0,"12":0,"13":0,"15":0,"17":0,"18":0,"19":0,"21":0,"22":0,"24":0,"40":0,"42":0,"45":0,"48":0,"49":0,"53":0,"54":0,"55":0,"64":0,"72":0,"73":0,"74":0,"80":0,"81":0,"82":0,"83":0,"85":0,"87":0,"92":0,"97":0,"104":0,"108":0,"114":0,"116":0,"120":0,"125":0,"130":0,"134":0,"136":0,"139":0,"140":0,"143":0,"145":0,"147":0,"154":0,"157":0,"158":0,"161":0,"162":0,"166":0,"167":0,"171":0,"176":0,"177":0,"181":0,"182":0,"185":0,"186":0,"189":0,"190":0,"193":0,"194":0,"195":0,"196":0,"197":0,"201":0,"202":0,"203":0,"207":0,"211":0,"217":0,"218":0,"219":0,"221":0,"227":0,"228":0,"236":0,"240":0,"243":0,"244":0,"312":0,"317":0,"318":0,"346":0,"351":0,"353":0,"356":0,"357":0,"389":0,"394":0,"395":0,"439":0,"444":0,"445":0,"477":0,"482":0}}}